21:49:22 INFO  : Launching XSDB server: xsdb.bat -interactive O:\ENGS_128\lab6\lab6.sdk\temp_xsdb_launch_script.tcl
21:49:23 INFO  : XSDB server has started successfully.
21:49:23 INFO  : Processing command line option -hwspec O:/ENGS_128/lab6/lab6.sdk/lab2_wrapper.hdf.
21:50:27 INFO  : Launching XSDB server: xsdb.bat -interactive O:\ENGS_128\lab6\lab6.sdk\temp_xsdb_launch_script.tcl
21:50:28 INFO  : XSDB server has started successfully.
21:50:29 INFO  : Processing command line option -hwspec O:/ENGS_128/lab6/lab6.sdk/lab2_wrapper.hdf.
21:55:51 INFO  : Connected to target on host '127.0.0.1' and port '3121'.
21:55:54 INFO  : 'targets -set -filter {jtag_cable_name =~ "Digilent Zybo 210279A42984A" && level==0} -index 1' command is executed.
21:55:56 INFO  : FPGA configured successfully with bitstream "O:/ENGS_128/lab6/lab6.sdk/lab2_wrapper_hw_platform_0/lab2_wrapper.bit"
21:56:15 INFO  : 'targets -set -filter {jtag_cable_name =~ "Digilent Zybo 210279A42984A" && level==0} -index 1' command is executed.
21:56:15 INFO  : 'fpga -state' command is executed.
21:56:15 INFO  : Connected to target on host '127.0.0.1' and port '3121'.
21:56:16 INFO  : Sourcing of 'O:/ENGS_128/lab6/lab6.sdk/lab2_wrapper_hw_platform_0/ps7_init.tcl' is done.
21:56:16 INFO  : 'targets -set -filter {name =~"APU" && jtag_cable_name =~ "Digilent Zybo 210279A42984A"} -index 0' command is executed.
21:56:16 INFO  : Hardware design information is loaded from 'O:/ENGS_128/lab6/lab6.sdk/lab2_wrapper_hw_platform_0/system.hdf'.
21:56:16 INFO  : 'targets -set -filter {name =~"APU" && jtag_cable_name =~ "Digilent Zybo 210279A42984A"} -index 0' command is executed.
21:56:17 INFO  : 'stop' command is executed.
21:56:18 INFO  : 'ps7_init' command is executed.
21:56:19 INFO  : 'ps7_post_config' command is executed.
21:56:19 INFO  : Context for processor 'ps7_cortexa9_0' is selected.
21:56:19 INFO  : Processor reset is completed for 'ps7_cortexa9_0'.
21:56:19 INFO  : Context for processor 'ps7_cortexa9_0' is selected.
21:56:20 INFO  : The application 'O:/ENGS_128/lab6/lab6.sdk/lab6/Debug/lab6.elf' is downloaded to processor 'ps7_cortexa9_0'.
21:56:20 INFO  : ----------------XSDB Script----------------
connect -url tcp:127.0.0.1:3121
source O:/ENGS_128/lab6/lab6.sdk/lab2_wrapper_hw_platform_0/ps7_init.tcl
targets -set -filter {name =~"APU" && jtag_cable_name =~ "Digilent Zybo 210279A42984A"} -index 0
loadhw O:/ENGS_128/lab6/lab6.sdk/lab2_wrapper_hw_platform_0/system.hdf
targets -set -filter {name =~"APU" && jtag_cable_name =~ "Digilent Zybo 210279A42984A"} -index 0
stop
ps7_init
ps7_post_config
targets -set -nocase -filter {name =~ "ARM*#0" && jtag_cable_name =~ "Digilent Zybo 210279A42984A"} -index 0
rst -processor
targets -set -nocase -filter {name =~ "ARM*#0" && jtag_cable_name =~ "Digilent Zybo 210279A42984A"} -index 0
dow O:/ENGS_128/lab6/lab6.sdk/lab6/Debug/lab6.elf
----------------End of Script----------------

21:56:20 INFO  : Memory regions updated for context APU
21:56:21 INFO  : Context for processor 'ps7_cortexa9_0' is selected.
21:56:21 INFO  : 'con' command is executed.
21:56:21 INFO  : ----------------XSDB Script (After Launch)----------------
targets -set -nocase -filter {name =~ "ARM*#0" && jtag_cable_name =~ "Digilent Zybo 210279A42984A"} -index 0
con
----------------End of Script----------------

21:58:51 INFO  : Connected to target on host '127.0.0.1' and port '3121'.
21:58:51 INFO  : 'targets -set -filter {jtag_cable_name =~ "Digilent Zybo 210279A42984A" && level==0} -index 1' command is executed.
21:58:53 INFO  : FPGA configured successfully with bitstream "O:/ENGS_128/lab6/lab6.sdk/lab2_wrapper_hw_platform_0/lab2_wrapper.bit"
21:59:35 INFO  : Disconnected from the channel tcfchan#1.
21:59:37 INFO  : 'targets -set -filter {jtag_cable_name =~ "Digilent Zybo 210279A42984A" && level==0} -index 1' command is executed.
21:59:37 INFO  : 'fpga -state' command is executed.
21:59:37 INFO  : Connected to target on host '127.0.0.1' and port '3121'.
21:59:37 INFO  : Sourcing of 'O:/ENGS_128/lab6/lab6.sdk/lab2_wrapper_hw_platform_0/ps7_init.tcl' is done.
21:59:38 INFO  : 'targets -set -filter {name =~"APU" && jtag_cable_name =~ "Digilent Zybo 210279A42984A"} -index 0' command is executed.
21:59:43 INFO  : Hardware design information is loaded from 'O:/ENGS_128/lab6/lab6.sdk/lab2_wrapper_hw_platform_0/system.hdf'.
21:59:44 INFO  : 'targets -set -filter {name =~"APU" && jtag_cable_name =~ "Digilent Zybo 210279A42984A"} -index 0' command is executed.
21:59:44 INFO  : 'stop' command is executed.
21:59:44 INFO  : 'ps7_init' command is executed.
21:59:44 INFO  : 'ps7_post_config' command is executed.
21:59:45 INFO  : Context for processor 'ps7_cortexa9_0' is selected.
21:59:45 INFO  : Processor reset is completed for 'ps7_cortexa9_0'.
21:59:46 INFO  : Context for processor 'ps7_cortexa9_0' is selected.
21:59:46 INFO  : The application 'O:/ENGS_128/lab6/lab6.sdk/lab6/Debug/lab6.elf' is downloaded to processor 'ps7_cortexa9_0'.
21:59:46 INFO  : ----------------XSDB Script----------------
connect -url tcp:127.0.0.1:3121
source O:/ENGS_128/lab6/lab6.sdk/lab2_wrapper_hw_platform_0/ps7_init.tcl
targets -set -filter {name =~"APU" && jtag_cable_name =~ "Digilent Zybo 210279A42984A"} -index 0
loadhw O:/ENGS_128/lab6/lab6.sdk/lab2_wrapper_hw_platform_0/system.hdf
targets -set -filter {name =~"APU" && jtag_cable_name =~ "Digilent Zybo 210279A42984A"} -index 0
stop
ps7_init
ps7_post_config
targets -set -nocase -filter {name =~ "ARM*#0" && jtag_cable_name =~ "Digilent Zybo 210279A42984A"} -index 0
rst -processor
targets -set -nocase -filter {name =~ "ARM*#0" && jtag_cable_name =~ "Digilent Zybo 210279A42984A"} -index 0
dow O:/ENGS_128/lab6/lab6.sdk/lab6/Debug/lab6.elf
----------------End of Script----------------

21:59:46 INFO  : Memory regions updated for context APU
21:59:46 INFO  : Context for processor 'ps7_cortexa9_0' is selected.
21:59:47 INFO  : 'con' command is executed.
21:59:47 INFO  : ----------------XSDB Script (After Launch)----------------
targets -set -nocase -filter {name =~ "ARM*#0" && jtag_cable_name =~ "Digilent Zybo 210279A42984A"} -index 0
con
----------------End of Script----------------

22:10:44 INFO  : Connected to target on host '127.0.0.1' and port '3121'.
22:10:45 INFO  : 'targets -set -filter {jtag_cable_name =~ "Digilent Zybo 210279A42984A" && level==0} -index 1' command is executed.
22:10:47 INFO  : FPGA configured successfully with bitstream "O:/ENGS_128/lab6/lab6.sdk/lab2_wrapper_hw_platform_0/lab2_wrapper.bit"
22:11:05 INFO  : Disconnected from the channel tcfchan#2.
22:11:06 INFO  : 'targets -set -filter {jtag_cable_name =~ "Digilent Zybo 210279A42984A" && level==0} -index 1' command is executed.
22:11:06 INFO  : 'fpga -state' command is executed.
22:11:06 INFO  : Connected to target on host '127.0.0.1' and port '3121'.
22:11:06 INFO  : Sourcing of 'O:/ENGS_128/lab6/lab6.sdk/lab2_wrapper_hw_platform_0/ps7_init.tcl' is done.
22:11:07 INFO  : 'targets -set -filter {name =~"APU" && jtag_cable_name =~ "Digilent Zybo 210279A42984A"} -index 0' command is executed.
22:11:12 INFO  : Hardware design information is loaded from 'O:/ENGS_128/lab6/lab6.sdk/lab2_wrapper_hw_platform_0/system.hdf'.
22:11:12 INFO  : 'targets -set -filter {name =~"APU" && jtag_cable_name =~ "Digilent Zybo 210279A42984A"} -index 0' command is executed.
22:11:13 INFO  : 'stop' command is executed.
22:11:18 INFO  : 'ps7_init' command is executed.
22:11:19 INFO  : 'ps7_post_config' command is executed.
22:11:19 INFO  : Context for processor 'ps7_cortexa9_0' is selected.
22:11:20 INFO  : Processor reset is completed for 'ps7_cortexa9_0'.
22:11:20 INFO  : Context for processor 'ps7_cortexa9_0' is selected.
22:11:21 INFO  : The application 'O:/ENGS_128/lab6/lab6.sdk/lab6/Debug/lab6.elf' is downloaded to processor 'ps7_cortexa9_0'.
22:11:21 INFO  : ----------------XSDB Script----------------
connect -url tcp:127.0.0.1:3121
source O:/ENGS_128/lab6/lab6.sdk/lab2_wrapper_hw_platform_0/ps7_init.tcl
targets -set -filter {name =~"APU" && jtag_cable_name =~ "Digilent Zybo 210279A42984A"} -index 0
loadhw O:/ENGS_128/lab6/lab6.sdk/lab2_wrapper_hw_platform_0/system.hdf
targets -set -filter {name =~"APU" && jtag_cable_name =~ "Digilent Zybo 210279A42984A"} -index 0
stop
ps7_init
ps7_post_config
targets -set -nocase -filter {name =~ "ARM*#0" && jtag_cable_name =~ "Digilent Zybo 210279A42984A"} -index 0
rst -processor
targets -set -nocase -filter {name =~ "ARM*#0" && jtag_cable_name =~ "Digilent Zybo 210279A42984A"} -index 0
dow O:/ENGS_128/lab6/lab6.sdk/lab6/Debug/lab6.elf
----------------End of Script----------------

22:11:21 INFO  : Memory regions updated for context APU
22:11:21 INFO  : Context for processor 'ps7_cortexa9_0' is selected.
22:11:22 INFO  : 'con' command is executed.
22:11:22 INFO  : ----------------XSDB Script (After Launch)----------------
targets -set -nocase -filter {name =~ "ARM*#0" && jtag_cable_name =~ "Digilent Zybo 210279A42984A"} -index 0
con
----------------End of Script----------------

22:35:56 WARN  : Unexpected exception occurred.
java.io.IOException: Command [C 324 xsdb eval "disconnect tcfchan#3"] aborted
	at org.eclipse.tcf.core.AbstractChannel$9.run(AbstractChannel.java:753)
	at org.eclipse.tcf.EventQueue.run(EventQueue.java:95)
	at java.lang.Thread.run(Thread.java:745)
Caused by: java.net.SocketException: Connection reset
	at java.net.SocketInputStream.read(SocketInputStream.java:209)
	at java.net.SocketInputStream.read(SocketInputStream.java:141)
	at java.io.BufferedInputStream.read1(BufferedInputStream.java:284)
	at java.io.BufferedInputStream.read(BufferedInputStream.java:345)
	at java.io.FilterInputStream.read(FilterInputStream.java:107)
	at org.eclipse.tcf.core.ChannelTCP.get(ChannelTCP.java:162)
	at org.eclipse.tcf.core.StreamChannel.read(StreamChannel.java:84)
	at org.eclipse.tcf.core.AbstractChannel$1.run(AbstractChannel.java:254)
13:52:13 INFO  : Launching XSDB server: xsdb.bat -interactive O:\ENGS_128\lab6\lab6.sdk\temp_xsdb_launch_script.tcl
13:52:15 INFO  : XSDB server has started successfully.
13:52:23 INFO  : Processing command line option -hwspec O:/ENGS_128/lab6/lab6.sdk/lab2_wrapper.hdf.
13:52:23 INFO  : Checking for hwspec changes in the project lab2_wrapper_hw_platform_0.
13:53:02 INFO  : Connected to target on host '127.0.0.1' and port '3121'.
13:53:04 INFO  : 'targets -set -filter {jtag_cable_name =~ "Digilent Zybo 210279A42984A" && level==0} -index 1' command is executed.
13:53:05 INFO  : FPGA configured successfully with bitstream "O:/ENGS_128/lab6/lab6.sdk/lab2_wrapper_hw_platform_0/lab2_wrapper.bit"
13:53:23 INFO  : 'targets -set -filter {jtag_cable_name =~ "Digilent Zybo 210279A42984A" && level==0} -index 1' command is executed.
13:53:23 INFO  : 'fpga -state' command is executed.
13:53:23 INFO  : Connected to target on host '127.0.0.1' and port '3121'.
13:53:23 INFO  : Sourcing of 'O:/ENGS_128/lab6/lab6.sdk/lab2_wrapper_hw_platform_0/ps7_init.tcl' is done.
13:53:24 INFO  : 'targets -set -filter {name =~"APU" && jtag_cable_name =~ "Digilent Zybo 210279A42984A"} -index 0' command is executed.
13:53:24 INFO  : Hardware design information is loaded from 'O:/ENGS_128/lab6/lab6.sdk/lab2_wrapper_hw_platform_0/system.hdf'.
13:53:24 INFO  : 'targets -set -filter {name =~"APU" && jtag_cable_name =~ "Digilent Zybo 210279A42984A"} -index 0' command is executed.
13:53:24 INFO  : 'stop' command is executed.
13:53:25 INFO  : 'ps7_init' command is executed.
13:53:25 INFO  : 'ps7_post_config' command is executed.
13:53:25 INFO  : Context for processor 'ps7_cortexa9_0' is selected.
13:53:26 INFO  : Processor reset is completed for 'ps7_cortexa9_0'.
13:53:26 INFO  : Context for processor 'ps7_cortexa9_0' is selected.
13:53:26 INFO  : The application 'O:/ENGS_128/lab6/lab6.sdk/lab6/Debug/lab6.elf' is downloaded to processor 'ps7_cortexa9_0'.
13:53:26 INFO  : ----------------XSDB Script----------------
connect -url tcp:127.0.0.1:3121
source O:/ENGS_128/lab6/lab6.sdk/lab2_wrapper_hw_platform_0/ps7_init.tcl
targets -set -filter {name =~"APU" && jtag_cable_name =~ "Digilent Zybo 210279A42984A"} -index 0
loadhw O:/ENGS_128/lab6/lab6.sdk/lab2_wrapper_hw_platform_0/system.hdf
targets -set -filter {name =~"APU" && jtag_cable_name =~ "Digilent Zybo 210279A42984A"} -index 0
stop
ps7_init
ps7_post_config
targets -set -nocase -filter {name =~ "ARM*#0" && jtag_cable_name =~ "Digilent Zybo 210279A42984A"} -index 0
rst -processor
targets -set -nocase -filter {name =~ "ARM*#0" && jtag_cable_name =~ "Digilent Zybo 210279A42984A"} -index 0
dow O:/ENGS_128/lab6/lab6.sdk/lab6/Debug/lab6.elf
----------------End of Script----------------

13:53:26 INFO  : Memory regions updated for context APU
13:53:26 INFO  : Context for processor 'ps7_cortexa9_0' is selected.
13:53:27 INFO  : 'con' command is executed.
13:53:27 INFO  : ----------------XSDB Script (After Launch)----------------
targets -set -nocase -filter {name =~ "ARM*#0" && jtag_cable_name =~ "Digilent Zybo 210279A42984A"} -index 0
con
----------------End of Script----------------

14:07:42 INFO  : Connected to target on host '127.0.0.1' and port '3121'.
14:07:43 INFO  : 'targets -set -filter {jtag_cable_name =~ "Digilent Zybo 210279A42984A" && level==0} -index 1' command is executed.
14:07:44 INFO  : FPGA configured successfully with bitstream "O:/ENGS_128/lab6/lab6.sdk/lab2_wrapper_hw_platform_0/lab2_wrapper.bit"
14:08:15 INFO  : Disconnected from the channel tcfchan#1.
14:08:15 INFO  : 'targets -set -filter {jtag_cable_name =~ "Digilent Zybo 210279A42984A" && level==0} -index 1' command is executed.
14:08:15 INFO  : 'fpga -state' command is executed.
14:08:16 INFO  : Connected to target on host '127.0.0.1' and port '3121'.
14:08:16 INFO  : Sourcing of 'O:/ENGS_128/lab6/lab6.sdk/lab2_wrapper_hw_platform_0/ps7_init.tcl' is done.
14:08:16 INFO  : 'targets -set -filter {name =~"APU" && jtag_cable_name =~ "Digilent Zybo 210279A42984A"} -index 0' command is executed.
14:08:21 INFO  : Hardware design information is loaded from 'O:/ENGS_128/lab6/lab6.sdk/lab2_wrapper_hw_platform_0/system.hdf'.
14:08:21 INFO  : 'targets -set -filter {name =~"APU" && jtag_cable_name =~ "Digilent Zybo 210279A42984A"} -index 0' command is executed.
14:08:21 INFO  : 'stop' command is executed.
14:08:22 INFO  : 'ps7_init' command is executed.
14:08:22 INFO  : 'ps7_post_config' command is executed.
14:08:23 INFO  : Context for processor 'ps7_cortexa9_0' is selected.
14:08:23 INFO  : Processor reset is completed for 'ps7_cortexa9_0'.
14:08:23 INFO  : Context for processor 'ps7_cortexa9_0' is selected.
14:08:23 INFO  : The application 'O:/ENGS_128/lab6/lab6.sdk/lab6/Debug/lab6.elf' is downloaded to processor 'ps7_cortexa9_0'.
14:08:23 INFO  : ----------------XSDB Script----------------
connect -url tcp:127.0.0.1:3121
source O:/ENGS_128/lab6/lab6.sdk/lab2_wrapper_hw_platform_0/ps7_init.tcl
targets -set -filter {name =~"APU" && jtag_cable_name =~ "Digilent Zybo 210279A42984A"} -index 0
loadhw O:/ENGS_128/lab6/lab6.sdk/lab2_wrapper_hw_platform_0/system.hdf
targets -set -filter {name =~"APU" && jtag_cable_name =~ "Digilent Zybo 210279A42984A"} -index 0
stop
ps7_init
ps7_post_config
targets -set -nocase -filter {name =~ "ARM*#0" && jtag_cable_name =~ "Digilent Zybo 210279A42984A"} -index 0
rst -processor
targets -set -nocase -filter {name =~ "ARM*#0" && jtag_cable_name =~ "Digilent Zybo 210279A42984A"} -index 0
dow O:/ENGS_128/lab6/lab6.sdk/lab6/Debug/lab6.elf
----------------End of Script----------------

14:08:23 INFO  : Memory regions updated for context APU
14:08:24 INFO  : Context for processor 'ps7_cortexa9_0' is selected.
14:08:24 INFO  : 'con' command is executed.
14:08:24 INFO  : ----------------XSDB Script (After Launch)----------------
targets -set -nocase -filter {name =~ "ARM*#0" && jtag_cable_name =~ "Digilent Zybo 210279A42984A"} -index 0
con
----------------End of Script----------------

14:37:05 INFO  : SDK has detected change in the last modified timestamps for source hardware specification file Source:1495737297531,  Project:1495676792787
14:37:05 INFO  : Project lab2_wrapper_hw_platform_0's source hardware specification located at O:/ENGS_128/lab6/lab6.sdk/lab2_wrapper.hdf is now different from the local copy.
		 The local copy will be replaced with the source specification and your workspace will be updated.
14:39:00 INFO  : Copied contents of O:/ENGS_128/lab6/lab6.sdk/lab2_wrapper.hdf into \lab2_wrapper_hw_platform_0\system.hdf.
14:39:07 INFO  : Synchronizing projects in the workspace with the hardware platform specification changes.
14:39:24 INFO  : 
14:39:25 INFO  : Updating hardware inferred compiler options for lab6.
14:39:25 INFO  : Clearing existing target manager status.
14:39:26 INFO  : Closing and re-opening the MSS file of ther project lab6_bsp
14:39:29 INFO  : Workspace synchronized with the new hardware specification file. Cleaning dependent projects...
14:39:35 WARN  : Linker script will not be updated automatically. Users need to update it manually.
14:50:03 INFO  : Connected to target on host '127.0.0.1' and port '3121'.
14:50:04 INFO  : 'targets -set -filter {jtag_cable_name =~ "Digilent Zybo 210279A42984A" && level==0} -index 1' command is executed.
14:50:05 INFO  : FPGA configured successfully with bitstream "O:/ENGS_128/lab6/lab6.sdk/lab2_wrapper_hw_platform_0/lab2_wrapper.bit"
14:50:32 INFO  : Disconnected from the channel tcfchan#2.
14:50:42 INFO  : Connected to target on host '127.0.0.1' and port '3121'.
14:50:44 INFO  : 'targets -set -filter {jtag_cable_name =~ "Digilent Zybo 210279A42984A" && level==0} -index 1' command is executed.
14:50:45 INFO  : FPGA configured successfully with bitstream "O:/ENGS_128/lab6/lab6.sdk/lab2_wrapper_hw_platform_0/lab2_wrapper.bit"
14:51:00 INFO  : 'targets -set -filter {jtag_cable_name =~ "Digilent Zybo 210279A42984A" && level==0} -index 1' command is executed.
14:51:00 INFO  : 'fpga -state' command is executed.
14:51:00 INFO  : Connected to target on host '127.0.0.1' and port '3121'.
14:51:01 INFO  : Sourcing of 'O:/ENGS_128/lab6/lab6.sdk/lab2_wrapper_hw_platform_0/ps7_init.tcl' is done.
14:51:01 INFO  : 'targets -set -filter {name =~"APU" && jtag_cable_name =~ "Digilent Zybo 210279A42984A"} -index 0' command is executed.
14:51:01 INFO  : Hardware design information is loaded from 'O:/ENGS_128/lab6/lab6.sdk/lab2_wrapper_hw_platform_0/system.hdf'.
14:51:01 INFO  : 'targets -set -filter {name =~"APU" && jtag_cable_name =~ "Digilent Zybo 210279A42984A"} -index 0' command is executed.
14:51:01 INFO  : 'stop' command is executed.
14:51:02 INFO  : 'ps7_init' command is executed.
14:51:02 INFO  : 'ps7_post_config' command is executed.
14:51:02 INFO  : Context for processor 'ps7_cortexa9_0' is selected.
14:51:02 INFO  : Processor reset is completed for 'ps7_cortexa9_0'.
14:51:03 INFO  : Context for processor 'ps7_cortexa9_0' is selected.
14:51:03 INFO  : The application 'O:/ENGS_128/lab6/lab6.sdk/lab6/Debug/lab6.elf' is downloaded to processor 'ps7_cortexa9_0'.
14:51:03 INFO  : ----------------XSDB Script----------------
connect -url tcp:127.0.0.1:3121
source O:/ENGS_128/lab6/lab6.sdk/lab2_wrapper_hw_platform_0/ps7_init.tcl
targets -set -filter {name =~"APU" && jtag_cable_name =~ "Digilent Zybo 210279A42984A"} -index 0
loadhw O:/ENGS_128/lab6/lab6.sdk/lab2_wrapper_hw_platform_0/system.hdf
targets -set -filter {name =~"APU" && jtag_cable_name =~ "Digilent Zybo 210279A42984A"} -index 0
stop
ps7_init
ps7_post_config
targets -set -nocase -filter {name =~ "ARM*#0" && jtag_cable_name =~ "Digilent Zybo 210279A42984A"} -index 0
rst -processor
targets -set -nocase -filter {name =~ "ARM*#0" && jtag_cable_name =~ "Digilent Zybo 210279A42984A"} -index 0
dow O:/ENGS_128/lab6/lab6.sdk/lab6/Debug/lab6.elf
----------------End of Script----------------

14:51:03 INFO  : Memory regions updated for context APU
14:51:03 INFO  : Context for processor 'ps7_cortexa9_0' is selected.
14:51:03 INFO  : 'con' command is executed.
14:51:03 INFO  : ----------------XSDB Script (After Launch)----------------
targets -set -nocase -filter {name =~ "ARM*#0" && jtag_cable_name =~ "Digilent Zybo 210279A42984A"} -index 0
con
----------------End of Script----------------

14:54:48 WARN  : Unexpected exception occurred.
java.io.IOException: Command [C 352 xsdb eval "disconnect tcfchan#3"] aborted
	at org.eclipse.tcf.core.AbstractChannel$9.run(AbstractChannel.java:753)
	at org.eclipse.tcf.EventQueue.run(EventQueue.java:95)
	at java.lang.Thread.run(Thread.java:745)
Caused by: java.net.SocketException: Connection reset
	at java.net.SocketInputStream.read(SocketInputStream.java:209)
	at java.net.SocketInputStream.read(SocketInputStream.java:141)
	at java.io.BufferedInputStream.read1(BufferedInputStream.java:284)
	at java.io.BufferedInputStream.read(BufferedInputStream.java:345)
	at java.io.FilterInputStream.read(FilterInputStream.java:107)
	at org.eclipse.tcf.core.ChannelTCP.get(ChannelTCP.java:162)
	at org.eclipse.tcf.core.StreamChannel.read(StreamChannel.java:84)
	at org.eclipse.tcf.core.AbstractChannel$1.run(AbstractChannel.java:254)
14:54:51 ERROR : Unexpected error while parsing XMD response ?: com.google.gson.JsonSyntaxException: com.google.gson.stream.MalformedJsonException: invalid number or unquoted string near 
11:37:11 INFO  : Launching XSDB server: xsdb.bat -interactive O:\ENGS_128\lab6\lab6.sdk\temp_xsdb_launch_script.tcl
11:37:12 INFO  : XSDB server has started successfully.
11:37:13 INFO  : Processing command line option -hwspec O:/ENGS_128/lab6/lab6.sdk/lab2_wrapper.hdf.
11:37:13 INFO  : Checking for hwspec changes in the project lab2_wrapper_hw_platform_0.
11:37:17 INFO  : SDK has detected change in the last modified timestamps for source hardware specification file Source:1496027997565,  Project:1495737297531
11:37:17 INFO  : The hardware specification for project 'lab2_wrapper_hw_platform_0' is different from O:/ENGS_128/lab6/lab6.sdk/lab2_wrapper.hdf.
11:37:17 INFO  : Copied contents of O:/ENGS_128/lab6/lab6.sdk/lab2_wrapper.hdf into \lab2_wrapper_hw_platform_0\system.hdf.
11:37:24 INFO  : Synchronizing projects in the workspace with the hardware platform specification changes.
11:37:42 INFO  : 
11:37:43 INFO  : Updating hardware inferred compiler options for lab6.
11:37:43 INFO  : Clearing existing target manager status.
11:38:10 INFO  : Connected to target on host '127.0.0.1' and port '3121'.
11:38:26 INFO  : Connected to target on host '127.0.0.1' and port '3121'.
11:38:39 INFO  : Connected to target on host '127.0.0.1' and port '3121'.
11:38:40 INFO  : 'targets -set -filter {jtag_cable_name =~ "Digilent Zybo 210279A42984A" && level==0} -index 1' command is executed.
11:38:41 INFO  : FPGA configured successfully with bitstream "O:/ENGS_128/lab6/lab6.sdk/lab2_wrapper_hw_platform_0/lab2_wrapper.bit"
11:38:57 INFO  : 'targets -set -filter {jtag_cable_name =~ "Digilent Zybo 210279A42984A" && level==0} -index 1' command is executed.
11:38:58 INFO  : 'fpga -state' command is executed.
11:38:58 INFO  : Connected to target on host '127.0.0.1' and port '3121'.
11:38:58 INFO  : Sourcing of 'O:/ENGS_128/lab6/lab6.sdk/lab2_wrapper_hw_platform_0/ps7_init.tcl' is done.
11:38:58 INFO  : 'targets -set -filter {name =~"APU" && jtag_cable_name =~ "Digilent Zybo 210279A42984A"} -index 0' command is executed.
11:38:58 INFO  : Hardware design information is loaded from 'O:/ENGS_128/lab6/lab6.sdk/lab2_wrapper_hw_platform_0/system.hdf'.
11:38:59 INFO  : 'targets -set -filter {name =~"APU" && jtag_cable_name =~ "Digilent Zybo 210279A42984A"} -index 0' command is executed.
11:38:59 INFO  : 'stop' command is executed.
11:38:59 INFO  : 'ps7_init' command is executed.
11:39:00 INFO  : 'ps7_post_config' command is executed.
11:39:00 INFO  : Context for processor 'ps7_cortexa9_0' is selected.
11:39:00 INFO  : Processor reset is completed for 'ps7_cortexa9_0'.
11:39:00 INFO  : Context for processor 'ps7_cortexa9_0' is selected.
11:39:01 INFO  : The application 'O:/ENGS_128/lab6/lab6.sdk/lab6/Debug/lab6.elf' is downloaded to processor 'ps7_cortexa9_0'.
11:39:01 INFO  : ----------------XSDB Script----------------
connect -url tcp:127.0.0.1:3121
source O:/ENGS_128/lab6/lab6.sdk/lab2_wrapper_hw_platform_0/ps7_init.tcl
targets -set -filter {name =~"APU" && jtag_cable_name =~ "Digilent Zybo 210279A42984A"} -index 0
loadhw O:/ENGS_128/lab6/lab6.sdk/lab2_wrapper_hw_platform_0/system.hdf
targets -set -filter {name =~"APU" && jtag_cable_name =~ "Digilent Zybo 210279A42984A"} -index 0
stop
ps7_init
ps7_post_config
targets -set -nocase -filter {name =~ "ARM*#0" && jtag_cable_name =~ "Digilent Zybo 210279A42984A"} -index 0
rst -processor
targets -set -nocase -filter {name =~ "ARM*#0" && jtag_cable_name =~ "Digilent Zybo 210279A42984A"} -index 0
dow O:/ENGS_128/lab6/lab6.sdk/lab6/Debug/lab6.elf
----------------End of Script----------------

11:39:01 INFO  : Memory regions updated for context APU
11:39:01 INFO  : Context for processor 'ps7_cortexa9_0' is selected.
11:39:01 INFO  : 'con' command is executed.
11:39:01 INFO  : ----------------XSDB Script (After Launch)----------------
targets -set -nocase -filter {name =~ "ARM*#0" && jtag_cable_name =~ "Digilent Zybo 210279A42984A"} -index 0
con
----------------End of Script----------------

13:28:26 WARN  : Unexpected exception occurred.
java.io.IOException: Command [C 97 xsdb eval "disconnect tcfchan#1"] aborted
	at org.eclipse.tcf.core.AbstractChannel$9.run(AbstractChannel.java:753)
	at org.eclipse.tcf.EventQueue.run(EventQueue.java:95)
	at java.lang.Thread.run(Thread.java:745)
Caused by: java.net.SocketException: Connection reset
	at java.net.SocketInputStream.read(SocketInputStream.java:209)
	at java.net.SocketInputStream.read(SocketInputStream.java:141)
	at java.io.BufferedInputStream.read1(BufferedInputStream.java:284)
	at java.io.BufferedInputStream.read(BufferedInputStream.java:345)
	at java.io.FilterInputStream.read(FilterInputStream.java:107)
	at org.eclipse.tcf.core.ChannelTCP.get(ChannelTCP.java:162)
	at org.eclipse.tcf.core.StreamChannel.read(StreamChannel.java:84)
	at org.eclipse.tcf.core.AbstractChannel$1.run(AbstractChannel.java:254)
13:28:27 ERROR : Unexpected error while parsing XMD response ?: com.google.gson.JsonSyntaxException: com.google.gson.stream.MalformedJsonException: invalid number or unquoted string near 
13:33:52 INFO  : Launching XSDB server: xsdb.bat -interactive O:\ENGS_128\lab6\lab6.sdk\temp_xsdb_launch_script.tcl
13:33:53 INFO  : XSDB server has started successfully.
13:33:53 INFO  : Processing command line option -hwspec O:/ENGS_128/lab6/lab6.sdk/lab2_wrapper.hdf.
13:33:53 INFO  : Checking for hwspec changes in the project lab2_wrapper_hw_platform_0.
13:33:58 INFO  : SDK has detected change in the last modified timestamps for source hardware specification file Source:1496079196501,  Project:1496027997565
13:33:58 INFO  : The hardware specification for project 'lab2_wrapper_hw_platform_0' is different from O:/ENGS_128/lab6/lab6.sdk/lab2_wrapper.hdf.
13:33:58 INFO  : Copied contents of O:/ENGS_128/lab6/lab6.sdk/lab2_wrapper.hdf into \lab2_wrapper_hw_platform_0\system.hdf.
13:36:21 INFO  : Synchronizing projects in the workspace with the hardware platform specification changes.
13:36:47 INFO  : 
13:36:48 INFO  : Updating hardware inferred compiler options for lab6.
13:36:48 INFO  : Clearing existing target manager status.
13:37:07 INFO  : Connected to target on host '127.0.0.1' and port '3121'.
13:37:13 INFO  : 'targets -set -filter {jtag_cable_name =~ "Digilent Zybo 210279A42984A" && level==0} -index 1' command is executed.
13:37:14 INFO  : FPGA configured successfully with bitstream "O:/ENGS_128/lab6/lab6.sdk/lab2_wrapper_hw_platform_0/lab2_wrapper.bit"
13:37:33 INFO  : 'targets -set -filter {jtag_cable_name =~ "Digilent Zybo 210279A42984A" && level==0} -index 1' command is executed.
13:37:33 INFO  : 'fpga -state' command is executed.
13:37:33 INFO  : Connected to target on host '127.0.0.1' and port '3121'.
13:37:34 INFO  : Sourcing of 'O:/ENGS_128/lab6/lab6.sdk/lab2_wrapper_hw_platform_0/ps7_init.tcl' is done.
13:37:34 INFO  : 'targets -set -filter {name =~"APU" && jtag_cable_name =~ "Digilent Zybo 210279A42984A"} -index 0' command is executed.
13:37:34 INFO  : Hardware design information is loaded from 'O:/ENGS_128/lab6/lab6.sdk/lab2_wrapper_hw_platform_0/system.hdf'.
13:37:34 INFO  : 'targets -set -filter {name =~"APU" && jtag_cable_name =~ "Digilent Zybo 210279A42984A"} -index 0' command is executed.
13:37:35 INFO  : 'stop' command is executed.
13:37:40 INFO  : 'ps7_init' command is executed.
13:37:40 INFO  : 'ps7_post_config' command is executed.
13:37:40 INFO  : Context for processor 'ps7_cortexa9_0' is selected.
13:37:40 INFO  : Processor reset is completed for 'ps7_cortexa9_0'.
13:37:41 INFO  : Context for processor 'ps7_cortexa9_0' is selected.
13:37:43 ERROR : DEVICEEN is 0
13:37:43 INFO  : ----------------XSDB Script----------------
connect -url tcp:127.0.0.1:3121
source O:/ENGS_128/lab6/lab6.sdk/lab2_wrapper_hw_platform_0/ps7_init.tcl
targets -set -filter {name =~"APU" && jtag_cable_name =~ "Digilent Zybo 210279A42984A"} -index 0
loadhw O:/ENGS_128/lab6/lab6.sdk/lab2_wrapper_hw_platform_0/system.hdf
targets -set -filter {name =~"APU" && jtag_cable_name =~ "Digilent Zybo 210279A42984A"} -index 0
stop
ps7_init
ps7_post_config
targets -set -nocase -filter {name =~ "ARM*#0" && jtag_cable_name =~ "Digilent Zybo 210279A42984A"} -index 0
rst -processor
targets -set -nocase -filter {name =~ "ARM*#0" && jtag_cable_name =~ "Digilent Zybo 210279A42984A"} -index 0
dow O:/ENGS_128/lab6/lab6.sdk/lab6/Debug/lab6.elf
----------------End of Script----------------

13:37:53 INFO  : Connected to target on host '127.0.0.1' and port '3121'.
13:37:54 INFO  : 'targets -set -filter {jtag_cable_name =~ "Digilent Zybo 210279A42984A" && level==0} -index 1' command is executed.
13:37:56 INFO  : FPGA configured successfully with bitstream "O:/ENGS_128/lab6/lab6.sdk/lab2_wrapper_hw_platform_0/lab2_wrapper.bit"
13:38:09 INFO  : 'targets -set -filter {jtag_cable_name =~ "Digilent Zybo 210279A42984A" && level==0} -index 1' command is executed.
13:38:10 INFO  : 'fpga -state' command is executed.
13:38:10 INFO  : Connected to target on host '127.0.0.1' and port '3121'.
13:38:10 INFO  : Sourcing of 'O:/ENGS_128/lab6/lab6.sdk/lab2_wrapper_hw_platform_0/ps7_init.tcl' is done.
13:38:10 INFO  : 'targets -set -filter {name =~"APU" && jtag_cable_name =~ "Digilent Zybo 210279A42984A"} -index 0' command is executed.
13:38:10 INFO  : Hardware design information is loaded from 'O:/ENGS_128/lab6/lab6.sdk/lab2_wrapper_hw_platform_0/system.hdf'.
13:38:11 INFO  : 'targets -set -filter {name =~"APU" && jtag_cable_name =~ "Digilent Zybo 210279A42984A"} -index 0' command is executed.
13:38:11 INFO  : 'stop' command is executed.
13:38:11 INFO  : 'ps7_init' command is executed.
13:38:11 INFO  : 'ps7_post_config' command is executed.
13:38:12 INFO  : Context for processor 'ps7_cortexa9_0' is selected.
13:38:12 INFO  : Processor reset is completed for 'ps7_cortexa9_0'.
13:38:12 INFO  : Context for processor 'ps7_cortexa9_0' is selected.
13:38:12 INFO  : The application 'O:/ENGS_128/lab6/lab6.sdk/lab6/Debug/lab6.elf' is downloaded to processor 'ps7_cortexa9_0'.
13:38:12 INFO  : ----------------XSDB Script----------------
connect -url tcp:127.0.0.1:3121
source O:/ENGS_128/lab6/lab6.sdk/lab2_wrapper_hw_platform_0/ps7_init.tcl
targets -set -filter {name =~"APU" && jtag_cable_name =~ "Digilent Zybo 210279A42984A"} -index 0
loadhw O:/ENGS_128/lab6/lab6.sdk/lab2_wrapper_hw_platform_0/system.hdf
targets -set -filter {name =~"APU" && jtag_cable_name =~ "Digilent Zybo 210279A42984A"} -index 0
stop
ps7_init
ps7_post_config
targets -set -nocase -filter {name =~ "ARM*#0" && jtag_cable_name =~ "Digilent Zybo 210279A42984A"} -index 0
rst -processor
targets -set -nocase -filter {name =~ "ARM*#0" && jtag_cable_name =~ "Digilent Zybo 210279A42984A"} -index 0
dow O:/ENGS_128/lab6/lab6.sdk/lab6/Debug/lab6.elf
----------------End of Script----------------

13:38:13 INFO  : Memory regions updated for context APU
13:38:13 INFO  : Context for processor 'ps7_cortexa9_0' is selected.
13:38:13 INFO  : 'con' command is executed.
13:38:13 INFO  : ----------------XSDB Script (After Launch)----------------
targets -set -nocase -filter {name =~ "ARM*#0" && jtag_cable_name =~ "Digilent Zybo 210279A42984A"} -index 0
con
----------------End of Script----------------

13:43:25 WARN  : Unexpected exception occurred.
java.io.IOException: Command [C 125 xsdb eval "disconnect tcfchan#1"] aborted
	at org.eclipse.tcf.core.AbstractChannel$9.run(AbstractChannel.java:753)
	at org.eclipse.tcf.EventQueue.run(EventQueue.java:95)
	at java.lang.Thread.run(Thread.java:745)
Caused by: java.net.SocketException: Connection reset
	at java.net.SocketInputStream.read(SocketInputStream.java:209)
	at java.net.SocketInputStream.read(SocketInputStream.java:141)
	at java.io.BufferedInputStream.read1(BufferedInputStream.java:284)
	at java.io.BufferedInputStream.read(BufferedInputStream.java:345)
	at java.io.FilterInputStream.read(FilterInputStream.java:107)
	at org.eclipse.tcf.core.ChannelTCP.get(ChannelTCP.java:162)
	at org.eclipse.tcf.core.StreamChannel.read(StreamChannel.java:84)
	at org.eclipse.tcf.core.AbstractChannel$1.run(AbstractChannel.java:254)
13:43:26 ERROR : Unexpected error while parsing XMD response ?: com.google.gson.JsonSyntaxException: com.google.gson.stream.MalformedJsonException: invalid number or unquoted string near 
13:45:47 INFO  : Launching XSDB server: xsdb.bat -interactive O:\ENGS_128\lab6\lab6.sdk\temp_xsdb_launch_script.tcl
13:45:49 INFO  : XSDB server has started successfully.
13:45:49 INFO  : Processing command line option -hwspec O:/ENGS_128/lab6/lab6.sdk/lab2_wrapper.hdf.
13:45:49 INFO  : Checking for hwspec changes in the project lab2_wrapper_hw_platform_0.
13:50:01 INFO  : Connected to target on host '127.0.0.1' and port '3121'.
13:50:02 INFO  : 'targets -set -filter {jtag_cable_name =~ "Digilent Zybo 210279A42984A" && level==0} -index 1' command is executed.
13:50:04 INFO  : FPGA configured successfully with bitstream "O:/ENGS_128/lab6/lab6.sdk/lab2_wrapper_hw_platform_0/lab2_wrapper.bit"
13:50:19 INFO  : 'targets -set -filter {jtag_cable_name =~ "Digilent Zybo 210279A42984A" && level==0} -index 1' command is executed.
13:50:19 INFO  : 'fpga -state' command is executed.
13:50:20 INFO  : Connected to target on host '127.0.0.1' and port '3121'.
13:50:20 INFO  : Sourcing of 'O:/ENGS_128/lab6/lab6.sdk/lab2_wrapper_hw_platform_0/ps7_init.tcl' is done.
13:50:20 INFO  : 'targets -set -filter {name =~"APU" && jtag_cable_name =~ "Digilent Zybo 210279A42984A"} -index 0' command is executed.
13:50:20 INFO  : Hardware design information is loaded from 'O:/ENGS_128/lab6/lab6.sdk/lab2_wrapper_hw_platform_0/system.hdf'.
13:50:21 INFO  : 'targets -set -filter {name =~"APU" && jtag_cable_name =~ "Digilent Zybo 210279A42984A"} -index 0' command is executed.
13:50:21 INFO  : 'stop' command is executed.
13:50:21 INFO  : 'ps7_init' command is executed.
13:50:21 INFO  : 'ps7_post_config' command is executed.
13:50:22 INFO  : Context for processor 'ps7_cortexa9_0' is selected.
13:50:22 INFO  : Processor reset is completed for 'ps7_cortexa9_0'.
13:50:22 INFO  : Context for processor 'ps7_cortexa9_0' is selected.
13:50:23 INFO  : The application 'O:/ENGS_128/lab6/lab6.sdk/lab6/Debug/lab6.elf' is downloaded to processor 'ps7_cortexa9_0'.
13:50:23 INFO  : ----------------XSDB Script----------------
connect -url tcp:127.0.0.1:3121
source O:/ENGS_128/lab6/lab6.sdk/lab2_wrapper_hw_platform_0/ps7_init.tcl
targets -set -filter {name =~"APU" && jtag_cable_name =~ "Digilent Zybo 210279A42984A"} -index 0
loadhw O:/ENGS_128/lab6/lab6.sdk/lab2_wrapper_hw_platform_0/system.hdf
targets -set -filter {name =~"APU" && jtag_cable_name =~ "Digilent Zybo 210279A42984A"} -index 0
stop
ps7_init
ps7_post_config
targets -set -nocase -filter {name =~ "ARM*#0" && jtag_cable_name =~ "Digilent Zybo 210279A42984A"} -index 0
rst -processor
targets -set -nocase -filter {name =~ "ARM*#0" && jtag_cable_name =~ "Digilent Zybo 210279A42984A"} -index 0
dow O:/ENGS_128/lab6/lab6.sdk/lab6/Debug/lab6.elf
----------------End of Script----------------

13:50:23 INFO  : Memory regions updated for context APU
13:50:23 INFO  : Context for processor 'ps7_cortexa9_0' is selected.
13:50:23 INFO  : 'con' command is executed.
13:50:23 INFO  : ----------------XSDB Script (After Launch)----------------
targets -set -nocase -filter {name =~ "ARM*#0" && jtag_cable_name =~ "Digilent Zybo 210279A42984A"} -index 0
con
----------------End of Script----------------

14:26:48 INFO  : SDK has detected change in the last modified timestamps for source hardware specification file Source:1496082370218,  Project:1496079196501
14:26:48 INFO  : Project lab2_wrapper_hw_platform_0's source hardware specification located at O:/ENGS_128/lab6/lab6.sdk/lab2_wrapper.hdf is now different from the local copy.
		 The local copy will be replaced with the source specification and your workspace will be updated.
14:27:13 INFO  : Copied contents of O:/ENGS_128/lab6/lab6.sdk/lab2_wrapper.hdf into \lab2_wrapper_hw_platform_0\system.hdf.
14:27:20 INFO  : Synchronizing projects in the workspace with the hardware platform specification changes.
14:27:40 INFO  : 
14:27:41 INFO  : Updating hardware inferred compiler options for lab6.
14:27:41 INFO  : Clearing existing target manager status.
14:28:04 INFO  : Connected to target on host '127.0.0.1' and port '3121'.
14:28:04 INFO  : 'targets -set -filter {jtag_cable_name =~ "Digilent Zybo 210279A42984A" && level==0} -index 1' command is executed.
14:28:05 INFO  : FPGA configured successfully with bitstream "O:/ENGS_128/lab6/lab6.sdk/lab2_wrapper_hw_platform_0/lab2_wrapper.bit"
14:28:24 WARN  : Unexpected exception occurred.
java.io.IOException: Command [C 101 xsdb eval "disconnect tcfchan#1"] aborted
	at org.eclipse.tcf.core.AbstractChannel$9.run(AbstractChannel.java:753)
	at org.eclipse.tcf.EventQueue.run(EventQueue.java:95)
	at java.lang.Thread.run(Thread.java:745)
Caused by: java.net.SocketException: Connection reset
	at java.net.SocketInputStream.read(SocketInputStream.java:209)
	at java.net.SocketInputStream.read(SocketInputStream.java:141)
	at java.io.BufferedInputStream.read1(BufferedInputStream.java:284)
	at java.io.BufferedInputStream.read(BufferedInputStream.java:345)
	at java.io.FilterInputStream.read(FilterInputStream.java:107)
	at org.eclipse.tcf.core.ChannelTCP.get(ChannelTCP.java:162)
	at org.eclipse.tcf.core.StreamChannel.read(StreamChannel.java:84)
	at org.eclipse.tcf.core.AbstractChannel$1.run(AbstractChannel.java:254)
14:28:25 ERROR : Unexpected error while parsing XMD response ?: com.google.gson.JsonSyntaxException: com.google.gson.stream.MalformedJsonException: invalid number or unquoted string near 
14:28:43 INFO  : Launching XSDB server: xsdb.bat -interactive O:\ENGS_128\lab6\lab6.sdk\temp_xsdb_launch_script.tcl
14:28:44 INFO  : XSDB server has started successfully.
14:28:44 INFO  : Processing command line option -hwspec O:/ENGS_128/lab6/lab6.sdk/lab2_wrapper.hdf.
14:28:44 INFO  : Checking for hwspec changes in the project lab2_wrapper_hw_platform_0.
14:31:43 INFO  : Connected to target on host '127.0.0.1' and port '3121'.
14:31:45 INFO  : 'targets -set -filter {jtag_cable_name =~ "Digilent Zybo 210279A42984A" && level==0} -index 1' command is executed.
14:31:46 INFO  : FPGA configured successfully with bitstream "O:/ENGS_128/lab6/lab6.sdk/lab2_wrapper_hw_platform_0/lab2_wrapper.bit"
14:32:03 INFO  : 'targets -set -filter {jtag_cable_name =~ "Digilent Zybo 210279A42984A" && level==0} -index 1' command is executed.
14:32:03 INFO  : 'fpga -state' command is executed.
14:32:03 INFO  : Connected to target on host '127.0.0.1' and port '3121'.
14:32:03 INFO  : Sourcing of 'O:/ENGS_128/lab6/lab6.sdk/lab2_wrapper_hw_platform_0/ps7_init.tcl' is done.
14:32:04 INFO  : 'targets -set -filter {name =~"APU" && jtag_cable_name =~ "Digilent Zybo 210279A42984A"} -index 0' command is executed.
14:32:04 INFO  : Hardware design information is loaded from 'O:/ENGS_128/lab6/lab6.sdk/lab2_wrapper_hw_platform_0/system.hdf'.
14:32:04 INFO  : 'targets -set -filter {name =~"APU" && jtag_cable_name =~ "Digilent Zybo 210279A42984A"} -index 0' command is executed.
14:32:04 INFO  : 'stop' command is executed.
14:32:05 INFO  : 'ps7_init' command is executed.
14:32:05 INFO  : 'ps7_post_config' command is executed.
14:32:05 INFO  : Context for processor 'ps7_cortexa9_0' is selected.
14:32:05 INFO  : Processor reset is completed for 'ps7_cortexa9_0'.
14:32:06 INFO  : Context for processor 'ps7_cortexa9_0' is selected.
14:32:06 INFO  : The application 'O:/ENGS_128/lab6/lab6.sdk/lab6/Debug/lab6.elf' is downloaded to processor 'ps7_cortexa9_0'.
14:32:06 INFO  : ----------------XSDB Script----------------
connect -url tcp:127.0.0.1:3121
source O:/ENGS_128/lab6/lab6.sdk/lab2_wrapper_hw_platform_0/ps7_init.tcl
targets -set -filter {name =~"APU" && jtag_cable_name =~ "Digilent Zybo 210279A42984A"} -index 0
loadhw O:/ENGS_128/lab6/lab6.sdk/lab2_wrapper_hw_platform_0/system.hdf
targets -set -filter {name =~"APU" && jtag_cable_name =~ "Digilent Zybo 210279A42984A"} -index 0
stop
ps7_init
ps7_post_config
targets -set -nocase -filter {name =~ "ARM*#0" && jtag_cable_name =~ "Digilent Zybo 210279A42984A"} -index 0
rst -processor
targets -set -nocase -filter {name =~ "ARM*#0" && jtag_cable_name =~ "Digilent Zybo 210279A42984A"} -index 0
dow O:/ENGS_128/lab6/lab6.sdk/lab6/Debug/lab6.elf
----------------End of Script----------------

14:32:06 INFO  : Memory regions updated for context APU
14:32:06 INFO  : Context for processor 'ps7_cortexa9_0' is selected.
14:32:07 INFO  : 'con' command is executed.
14:32:07 INFO  : ----------------XSDB Script (After Launch)----------------
targets -set -nocase -filter {name =~ "ARM*#0" && jtag_cable_name =~ "Digilent Zybo 210279A42984A"} -index 0
con
----------------End of Script----------------

14:39:18 INFO  : SDK has detected change in the last modified timestamps for source hardware specification file Source:1496083116492,  Project:1496082370218
14:39:18 INFO  : Project lab2_wrapper_hw_platform_0's source hardware specification located at O:/ENGS_128/lab6/lab6.sdk/lab2_wrapper.hdf is now different from the local copy.
		 The local copy will be replaced with the source specification and your workspace will be updated.
14:39:21 INFO  : Copied contents of O:/ENGS_128/lab6/lab6.sdk/lab2_wrapper.hdf into \lab2_wrapper_hw_platform_0\system.hdf.
14:39:27 INFO  : Synchronizing projects in the workspace with the hardware platform specification changes.
14:39:44 INFO  : 
14:39:44 INFO  : Updating hardware inferred compiler options for lab6.
14:39:44 INFO  : Clearing existing target manager status.
14:40:10 INFO  : Connected to target on host '127.0.0.1' and port '3121'.
14:40:10 INFO  : 'targets -set -filter {jtag_cable_name =~ "Digilent Zybo 210279A42984A" && level==0} -index 1' command is executed.
14:40:11 INFO  : FPGA configured successfully with bitstream "O:/ENGS_128/lab6/lab6.sdk/lab2_wrapper_hw_platform_0/lab2_wrapper.bit"
14:40:44 INFO  : Disconnected from the channel tcfchan#1.
14:41:02 INFO  : Connected to target on host '127.0.0.1' and port '3121'.
14:41:02 INFO  : 'targets -set -filter {jtag_cable_name =~ "Digilent Zybo 210279A42984A" && level==0} -index 1' command is executed.
14:41:04 INFO  : FPGA configured successfully with bitstream "O:/ENGS_128/lab6/lab6.sdk/lab2_wrapper_hw_platform_0/lab2_wrapper.bit"
14:41:16 INFO  : 'targets -set -filter {jtag_cable_name =~ "Digilent Zybo 210279A42984A" && level==0} -index 1' command is executed.
14:41:16 INFO  : 'fpga -state' command is executed.
14:41:16 INFO  : Connected to target on host '127.0.0.1' and port '3121'.
14:41:17 INFO  : Sourcing of 'O:/ENGS_128/lab6/lab6.sdk/lab2_wrapper_hw_platform_0/ps7_init.tcl' is done.
14:41:17 INFO  : 'targets -set -filter {name =~"APU" && jtag_cable_name =~ "Digilent Zybo 210279A42984A"} -index 0' command is executed.
14:41:17 INFO  : Hardware design information is loaded from 'O:/ENGS_128/lab6/lab6.sdk/lab2_wrapper_hw_platform_0/system.hdf'.
14:41:17 INFO  : 'targets -set -filter {name =~"APU" && jtag_cable_name =~ "Digilent Zybo 210279A42984A"} -index 0' command is executed.
14:41:17 INFO  : 'stop' command is executed.
14:41:18 INFO  : 'ps7_init' command is executed.
14:41:18 INFO  : 'ps7_post_config' command is executed.
14:41:18 INFO  : Context for processor 'ps7_cortexa9_0' is selected.
14:41:18 INFO  : Processor reset is completed for 'ps7_cortexa9_0'.
14:41:19 INFO  : Context for processor 'ps7_cortexa9_0' is selected.
14:41:19 INFO  : The application 'O:/ENGS_128/lab6/lab6.sdk/lab6/Debug/lab6.elf' is downloaded to processor 'ps7_cortexa9_0'.
14:41:19 INFO  : ----------------XSDB Script----------------
connect -url tcp:127.0.0.1:3121
source O:/ENGS_128/lab6/lab6.sdk/lab2_wrapper_hw_platform_0/ps7_init.tcl
targets -set -filter {name =~"APU" && jtag_cable_name =~ "Digilent Zybo 210279A42984A"} -index 0
loadhw O:/ENGS_128/lab6/lab6.sdk/lab2_wrapper_hw_platform_0/system.hdf
targets -set -filter {name =~"APU" && jtag_cable_name =~ "Digilent Zybo 210279A42984A"} -index 0
stop
ps7_init
ps7_post_config
targets -set -nocase -filter {name =~ "ARM*#0" && jtag_cable_name =~ "Digilent Zybo 210279A42984A"} -index 0
rst -processor
targets -set -nocase -filter {name =~ "ARM*#0" && jtag_cable_name =~ "Digilent Zybo 210279A42984A"} -index 0
dow O:/ENGS_128/lab6/lab6.sdk/lab6/Debug/lab6.elf
----------------End of Script----------------

14:41:19 INFO  : Memory regions updated for context APU
14:41:19 INFO  : Context for processor 'ps7_cortexa9_0' is selected.
14:41:19 INFO  : 'con' command is executed.
14:41:19 INFO  : ----------------XSDB Script (After Launch)----------------
targets -set -nocase -filter {name =~ "ARM*#0" && jtag_cable_name =~ "Digilent Zybo 210279A42984A"} -index 0
con
----------------End of Script----------------

14:53:53 INFO  : SDK has detected change in the last modified timestamps for source hardware specification file Source:1496084013959,  Project:1496083116492
14:53:53 INFO  : Project lab2_wrapper_hw_platform_0's source hardware specification located at O:/ENGS_128/lab6/lab6.sdk/lab2_wrapper.hdf is now different from the local copy.
		 The local copy will be replaced with the source specification and your workspace will be updated.
14:53:56 INFO  : Copied contents of O:/ENGS_128/lab6/lab6.sdk/lab2_wrapper.hdf into \lab2_wrapper_hw_platform_0\system.hdf.
14:54:03 INFO  : Synchronizing projects in the workspace with the hardware platform specification changes.
14:54:19 INFO  : 
14:54:20 INFO  : Updating hardware inferred compiler options for lab6.
14:54:20 INFO  : Clearing existing target manager status.
14:55:57 INFO  : Connected to target on host '127.0.0.1' and port '3121'.
14:55:57 INFO  : 'targets -set -filter {jtag_cable_name =~ "Digilent Zybo 210279A42984A" && level==0} -index 1' command is executed.
14:55:59 INFO  : FPGA configured successfully with bitstream "O:/ENGS_128/lab6/lab6.sdk/lab2_wrapper_hw_platform_0/lab2_wrapper.bit"
14:56:12 INFO  : Disconnected from the channel tcfchan#2.
14:56:16 INFO  : 'targets -set -filter {jtag_cable_name =~ "Digilent Zybo 210279A42984A" && level==0} -index 1' command is executed.
14:56:16 INFO  : 'fpga -state' command is executed.
14:56:16 INFO  : Connected to target on host '127.0.0.1' and port '3121'.
14:56:16 INFO  : Sourcing of 'O:/ENGS_128/lab6/lab6.sdk/lab2_wrapper_hw_platform_0/ps7_init.tcl' is done.
14:56:17 INFO  : 'targets -set -filter {name =~"APU" && jtag_cable_name =~ "Digilent Zybo 210279A42984A"} -index 0' command is executed.
14:56:17 INFO  : Hardware design information is loaded from 'O:/ENGS_128/lab6/lab6.sdk/lab2_wrapper_hw_platform_0/system.hdf'.
14:56:17 INFO  : 'targets -set -filter {name =~"APU" && jtag_cable_name =~ "Digilent Zybo 210279A42984A"} -index 0' command is executed.
14:56:17 INFO  : 'stop' command is executed.
14:56:19 INFO  : 'ps7_init' command is executed.
14:56:19 INFO  : 'ps7_post_config' command is executed.
14:56:19 INFO  : Context for processor 'ps7_cortexa9_0' is selected.
14:56:19 INFO  : Processor reset is completed for 'ps7_cortexa9_0'.
14:56:19 INFO  : Context for processor 'ps7_cortexa9_0' is selected.
14:56:20 INFO  : The application 'O:/ENGS_128/lab6/lab6.sdk/lab6/Debug/lab6.elf' is downloaded to processor 'ps7_cortexa9_0'.
14:56:20 INFO  : ----------------XSDB Script----------------
connect -url tcp:127.0.0.1:3121
source O:/ENGS_128/lab6/lab6.sdk/lab2_wrapper_hw_platform_0/ps7_init.tcl
targets -set -filter {name =~"APU" && jtag_cable_name =~ "Digilent Zybo 210279A42984A"} -index 0
loadhw O:/ENGS_128/lab6/lab6.sdk/lab2_wrapper_hw_platform_0/system.hdf
targets -set -filter {name =~"APU" && jtag_cable_name =~ "Digilent Zybo 210279A42984A"} -index 0
stop
ps7_init
ps7_post_config
targets -set -nocase -filter {name =~ "ARM*#0" && jtag_cable_name =~ "Digilent Zybo 210279A42984A"} -index 0
rst -processor
targets -set -nocase -filter {name =~ "ARM*#0" && jtag_cable_name =~ "Digilent Zybo 210279A42984A"} -index 0
dow O:/ENGS_128/lab6/lab6.sdk/lab6/Debug/lab6.elf
----------------End of Script----------------

14:56:20 INFO  : Memory regions updated for context APU
14:56:20 INFO  : Context for processor 'ps7_cortexa9_0' is selected.
14:56:20 INFO  : 'con' command is executed.
14:56:20 INFO  : ----------------XSDB Script (After Launch)----------------
targets -set -nocase -filter {name =~ "ARM*#0" && jtag_cable_name =~ "Digilent Zybo 210279A42984A"} -index 0
con
----------------End of Script----------------

15:02:39 INFO  : SDK has detected change in the last modified timestamps for source hardware specification file Source:1496084543014,  Project:1496084013959
15:02:39 INFO  : Project lab2_wrapper_hw_platform_0's source hardware specification located at O:/ENGS_128/lab6/lab6.sdk/lab2_wrapper.hdf is now different from the local copy.
		 The local copy will be replaced with the source specification and your workspace will be updated.
15:02:44 INFO  : Copied contents of O:/ENGS_128/lab6/lab6.sdk/lab2_wrapper.hdf into \lab2_wrapper_hw_platform_0\system.hdf.
15:02:51 INFO  : Synchronizing projects in the workspace with the hardware platform specification changes.
15:03:08 INFO  : 
15:03:09 INFO  : Updating hardware inferred compiler options for lab6.
15:03:09 INFO  : Clearing existing target manager status.
15:03:18 INFO  : Connected to target on host '127.0.0.1' and port '3121'.
15:03:19 INFO  : 'targets -set -filter {jtag_cable_name =~ "Digilent Zybo 210279A42984A" && level==0} -index 1' command is executed.
15:03:20 INFO  : FPGA configured successfully with bitstream "O:/ENGS_128/lab6/lab6.sdk/lab2_wrapper_hw_platform_0/lab2_wrapper.bit"
15:03:35 INFO  : Disconnected from the channel tcfchan#3.
15:03:50 INFO  : Connected to target on host '127.0.0.1' and port '3121'.
15:03:50 INFO  : 'targets -set -filter {jtag_cable_name =~ "Digilent Zybo 210279A42984A" && level==0} -index 1' command is executed.
15:03:52 INFO  : FPGA configured successfully with bitstream "O:/ENGS_128/lab6/lab6.sdk/lab2_wrapper_hw_platform_0/lab2_wrapper.bit"
15:04:04 INFO  : 'targets -set -filter {jtag_cable_name =~ "Digilent Zybo 210279A42984A" && level==0} -index 1' command is executed.
15:04:04 INFO  : 'fpga -state' command is executed.
15:04:04 INFO  : Connected to target on host '127.0.0.1' and port '3121'.
15:04:04 INFO  : Sourcing of 'O:/ENGS_128/lab6/lab6.sdk/lab2_wrapper_hw_platform_0/ps7_init.tcl' is done.
15:04:05 INFO  : 'targets -set -filter {name =~"APU" && jtag_cable_name =~ "Digilent Zybo 210279A42984A"} -index 0' command is executed.
15:04:05 INFO  : Hardware design information is loaded from 'O:/ENGS_128/lab6/lab6.sdk/lab2_wrapper_hw_platform_0/system.hdf'.
15:04:05 INFO  : 'targets -set -filter {name =~"APU" && jtag_cable_name =~ "Digilent Zybo 210279A42984A"} -index 0' command is executed.
15:04:05 INFO  : 'stop' command is executed.
15:04:06 INFO  : 'ps7_init' command is executed.
15:04:06 INFO  : 'ps7_post_config' command is executed.
15:04:06 INFO  : Context for processor 'ps7_cortexa9_0' is selected.
15:04:06 INFO  : Processor reset is completed for 'ps7_cortexa9_0'.
15:04:07 INFO  : Context for processor 'ps7_cortexa9_0' is selected.
15:04:07 INFO  : The application 'O:/ENGS_128/lab6/lab6.sdk/lab6/Debug/lab6.elf' is downloaded to processor 'ps7_cortexa9_0'.
15:04:07 INFO  : ----------------XSDB Script----------------
connect -url tcp:127.0.0.1:3121
source O:/ENGS_128/lab6/lab6.sdk/lab2_wrapper_hw_platform_0/ps7_init.tcl
targets -set -filter {name =~"APU" && jtag_cable_name =~ "Digilent Zybo 210279A42984A"} -index 0
loadhw O:/ENGS_128/lab6/lab6.sdk/lab2_wrapper_hw_platform_0/system.hdf
targets -set -filter {name =~"APU" && jtag_cable_name =~ "Digilent Zybo 210279A42984A"} -index 0
stop
ps7_init
ps7_post_config
targets -set -nocase -filter {name =~ "ARM*#0" && jtag_cable_name =~ "Digilent Zybo 210279A42984A"} -index 0
rst -processor
targets -set -nocase -filter {name =~ "ARM*#0" && jtag_cable_name =~ "Digilent Zybo 210279A42984A"} -index 0
dow O:/ENGS_128/lab6/lab6.sdk/lab6/Debug/lab6.elf
----------------End of Script----------------

15:04:07 INFO  : Memory regions updated for context APU
15:04:07 INFO  : Context for processor 'ps7_cortexa9_0' is selected.
15:04:07 INFO  : 'con' command is executed.
15:04:07 INFO  : ----------------XSDB Script (After Launch)----------------
targets -set -nocase -filter {name =~ "ARM*#0" && jtag_cable_name =~ "Digilent Zybo 210279A42984A"} -index 0
con
----------------End of Script----------------

15:21:02 INFO  : SDK has detected change in the last modified timestamps for source hardware specification file Source:1496085478394,  Project:1496084543014
15:21:02 INFO  : Project lab2_wrapper_hw_platform_0's source hardware specification located at O:/ENGS_128/lab6/lab6.sdk/lab2_wrapper.hdf is now different from the local copy.
		 The local copy will be replaced with the source specification and your workspace will be updated.
15:21:03 INFO  : Copied contents of O:/ENGS_128/lab6/lab6.sdk/lab2_wrapper.hdf into \lab2_wrapper_hw_platform_0\system.hdf.
15:21:13 INFO  : Synchronizing projects in the workspace with the hardware platform specification changes.
15:21:28 INFO  : 
15:21:29 INFO  : Updating hardware inferred compiler options for lab6.
15:21:29 INFO  : Clearing existing target manager status.
15:22:35 INFO  : Connected to target on host '127.0.0.1' and port '3121'.
15:22:35 INFO  : 'targets -set -filter {jtag_cable_name =~ "Digilent Zybo 210279A42984A" && level==0} -index 1' command is executed.
15:22:36 INFO  : FPGA configured successfully with bitstream "O:/ENGS_128/lab6/lab6.sdk/lab2_wrapper_hw_platform_0/lab2_wrapper.bit"
15:22:55 INFO  : Disconnected from the channel tcfchan#4.
15:23:02 INFO  : 'targets -set -filter {jtag_cable_name =~ "Digilent Zybo 210279A42984A" && level==0} -index 1' command is executed.
15:23:02 INFO  : 'fpga -state' command is executed.
15:23:02 INFO  : Connected to target on host '127.0.0.1' and port '3121'.
15:23:03 INFO  : Sourcing of 'O:/ENGS_128/lab6/lab6.sdk/lab2_wrapper_hw_platform_0/ps7_init.tcl' is done.
15:23:03 INFO  : 'targets -set -filter {name =~"APU" && jtag_cable_name =~ "Digilent Zybo 210279A42984A"} -index 0' command is executed.
15:23:03 INFO  : Hardware design information is loaded from 'O:/ENGS_128/lab6/lab6.sdk/lab2_wrapper_hw_platform_0/system.hdf'.
15:23:03 INFO  : 'targets -set -filter {name =~"APU" && jtag_cable_name =~ "Digilent Zybo 210279A42984A"} -index 0' command is executed.
15:23:04 INFO  : 'stop' command is executed.
15:23:09 INFO  : 'ps7_init' command is executed.
15:23:10 INFO  : 'ps7_post_config' command is executed.
15:23:10 INFO  : Context for processor 'ps7_cortexa9_0' is selected.
15:23:10 INFO  : Processor reset is completed for 'ps7_cortexa9_0'.
15:23:11 INFO  : Context for processor 'ps7_cortexa9_0' is selected.
15:23:13 ERROR : DEVICEEN is 0
15:23:13 INFO  : ----------------XSDB Script----------------
connect -url tcp:127.0.0.1:3121
source O:/ENGS_128/lab6/lab6.sdk/lab2_wrapper_hw_platform_0/ps7_init.tcl
targets -set -filter {name =~"APU" && jtag_cable_name =~ "Digilent Zybo 210279A42984A"} -index 0
loadhw O:/ENGS_128/lab6/lab6.sdk/lab2_wrapper_hw_platform_0/system.hdf
targets -set -filter {name =~"APU" && jtag_cable_name =~ "Digilent Zybo 210279A42984A"} -index 0
stop
ps7_init
ps7_post_config
targets -set -nocase -filter {name =~ "ARM*#0" && jtag_cable_name =~ "Digilent Zybo 210279A42984A"} -index 0
rst -processor
targets -set -nocase -filter {name =~ "ARM*#0" && jtag_cable_name =~ "Digilent Zybo 210279A42984A"} -index 0
dow O:/ENGS_128/lab6/lab6.sdk/lab6/Debug/lab6.elf
----------------End of Script----------------

15:23:19 INFO  : Connected to target on host '127.0.0.1' and port '3121'.
15:23:19 INFO  : 'targets -set -filter {jtag_cable_name =~ "Digilent Zybo 210279A42984A" && level==0} -index 1' command is executed.
15:23:21 INFO  : FPGA configured successfully with bitstream "O:/ENGS_128/lab6/lab6.sdk/lab2_wrapper_hw_platform_0/lab2_wrapper.bit"
15:23:45 INFO  : 'targets -set -filter {jtag_cable_name =~ "Digilent Zybo 210279A42984A" && level==0} -index 1' command is executed.
15:23:45 INFO  : 'fpga -state' command is executed.
15:23:45 INFO  : Connected to target on host '127.0.0.1' and port '3121'.
15:23:46 INFO  : Sourcing of 'O:/ENGS_128/lab6/lab6.sdk/lab2_wrapper_hw_platform_0/ps7_init.tcl' is done.
15:23:46 INFO  : 'targets -set -filter {name =~"APU" && jtag_cable_name =~ "Digilent Zybo 210279A42984A"} -index 0' command is executed.
15:23:46 INFO  : Hardware design information is loaded from 'O:/ENGS_128/lab6/lab6.sdk/lab2_wrapper_hw_platform_0/system.hdf'.
15:23:46 INFO  : 'targets -set -filter {name =~"APU" && jtag_cable_name =~ "Digilent Zybo 210279A42984A"} -index 0' command is executed.
15:23:46 INFO  : 'stop' command is executed.
15:23:47 INFO  : 'ps7_init' command is executed.
15:23:47 INFO  : 'ps7_post_config' command is executed.
15:23:48 INFO  : Context for processor 'ps7_cortexa9_0' is selected.
15:23:48 INFO  : Processor reset is completed for 'ps7_cortexa9_0'.
15:23:48 INFO  : Context for processor 'ps7_cortexa9_0' is selected.
15:23:48 INFO  : The application 'O:/ENGS_128/lab6/lab6.sdk/lab6/Debug/lab6.elf' is downloaded to processor 'ps7_cortexa9_0'.
15:23:48 INFO  : ----------------XSDB Script----------------
connect -url tcp:127.0.0.1:3121
source O:/ENGS_128/lab6/lab6.sdk/lab2_wrapper_hw_platform_0/ps7_init.tcl
targets -set -filter {name =~"APU" && jtag_cable_name =~ "Digilent Zybo 210279A42984A"} -index 0
loadhw O:/ENGS_128/lab6/lab6.sdk/lab2_wrapper_hw_platform_0/system.hdf
targets -set -filter {name =~"APU" && jtag_cable_name =~ "Digilent Zybo 210279A42984A"} -index 0
stop
ps7_init
ps7_post_config
targets -set -nocase -filter {name =~ "ARM*#0" && jtag_cable_name =~ "Digilent Zybo 210279A42984A"} -index 0
rst -processor
targets -set -nocase -filter {name =~ "ARM*#0" && jtag_cable_name =~ "Digilent Zybo 210279A42984A"} -index 0
dow O:/ENGS_128/lab6/lab6.sdk/lab6/Debug/lab6.elf
----------------End of Script----------------

15:23:48 INFO  : Memory regions updated for context APU
15:23:48 INFO  : Context for processor 'ps7_cortexa9_0' is selected.
15:23:48 INFO  : 'con' command is executed.
15:23:48 INFO  : ----------------XSDB Script (After Launch)----------------
targets -set -nocase -filter {name =~ "ARM*#0" && jtag_cable_name =~ "Digilent Zybo 210279A42984A"} -index 0
con
----------------End of Script----------------

15:45:44 INFO  : SDK has detected change in the last modified timestamps for source hardware specification file Source:1496087114164,  Project:1496085478394
15:45:44 INFO  : Project lab2_wrapper_hw_platform_0's source hardware specification located at O:/ENGS_128/lab6/lab6.sdk/lab2_wrapper.hdf is now different from the local copy.
		 The local copy will be replaced with the source specification and your workspace will be updated.
15:45:44 INFO  : Copied contents of O:/ENGS_128/lab6/lab6.sdk/lab2_wrapper.hdf into \lab2_wrapper_hw_platform_0\system.hdf.
15:45:51 INFO  : Synchronizing projects in the workspace with the hardware platform specification changes.
15:46:08 INFO  : 
15:46:09 INFO  : Updating hardware inferred compiler options for lab6.
15:46:09 INFO  : Clearing existing target manager status.
15:46:50 WARN  : Unexpected exception occurred.
java.io.IOException: Command [C 599 xsdb eval "disconnect tcfchan#5"] aborted
	at org.eclipse.tcf.core.AbstractChannel$9.run(AbstractChannel.java:753)
	at org.eclipse.tcf.EventQueue.run(EventQueue.java:95)
	at java.lang.Thread.run(Thread.java:745)
Caused by: java.net.SocketException: Connection reset
	at java.net.SocketInputStream.read(SocketInputStream.java:209)
	at java.net.SocketInputStream.read(SocketInputStream.java:141)
	at java.io.BufferedInputStream.read1(BufferedInputStream.java:284)
	at java.io.BufferedInputStream.read(BufferedInputStream.java:345)
	at java.io.FilterInputStream.read(FilterInputStream.java:107)
	at org.eclipse.tcf.core.ChannelTCP.get(ChannelTCP.java:162)
	at org.eclipse.tcf.core.StreamChannel.read(StreamChannel.java:84)
	at org.eclipse.tcf.core.AbstractChannel$1.run(AbstractChannel.java:254)
15:46:51 ERROR : Unexpected error while parsing XMD response ?: com.google.gson.JsonSyntaxException: com.google.gson.stream.MalformedJsonException: invalid number or unquoted string near 
15:48:35 INFO  : Launching XSDB server: xsdb.bat -interactive O:\ENGS_128\lab6\lab6.sdk\temp_xsdb_launch_script.tcl
15:48:36 INFO  : XSDB server has started successfully.
15:48:36 INFO  : Processing command line option -hwspec O:/ENGS_128/lab6/lab6.sdk/lab2_wrapper.hdf.
15:48:36 INFO  : Checking for hwspec changes in the project lab2_wrapper_hw_platform_0.
15:51:26 INFO  : Connected to target on host '127.0.0.1' and port '3121'.
15:51:28 INFO  : 'targets -set -filter {jtag_cable_name =~ "Digilent Zybo 210279A42984A" && level==0} -index 1' command is executed.
15:51:30 INFO  : FPGA configured successfully with bitstream "O:/ENGS_128/lab6/lab6.sdk/lab2_wrapper_hw_platform_0/lab2_wrapper.bit"
15:51:46 INFO  : 'targets -set -filter {jtag_cable_name =~ "Digilent Zybo 210279A42984A" && level==0} -index 1' command is executed.
15:51:46 INFO  : 'fpga -state' command is executed.
15:51:46 INFO  : Connected to target on host '127.0.0.1' and port '3121'.
15:51:46 INFO  : Sourcing of 'O:/ENGS_128/lab6/lab6.sdk/lab2_wrapper_hw_platform_0/ps7_init.tcl' is done.
15:51:47 INFO  : 'targets -set -filter {name =~"APU" && jtag_cable_name =~ "Digilent Zybo 210279A42984A"} -index 0' command is executed.
15:51:47 INFO  : Hardware design information is loaded from 'O:/ENGS_128/lab6/lab6.sdk/lab2_wrapper_hw_platform_0/system.hdf'.
15:51:47 INFO  : 'targets -set -filter {name =~"APU" && jtag_cable_name =~ "Digilent Zybo 210279A42984A"} -index 0' command is executed.
15:51:47 INFO  : 'stop' command is executed.
15:51:48 INFO  : 'ps7_init' command is executed.
15:51:48 INFO  : 'ps7_post_config' command is executed.
15:51:48 INFO  : Context for processor 'ps7_cortexa9_0' is selected.
15:51:48 INFO  : Processor reset is completed for 'ps7_cortexa9_0'.
15:51:48 INFO  : Context for processor 'ps7_cortexa9_0' is selected.
15:51:49 INFO  : The application 'O:/ENGS_128/lab6/lab6.sdk/lab6/Debug/lab6.elf' is downloaded to processor 'ps7_cortexa9_0'.
15:51:49 INFO  : ----------------XSDB Script----------------
connect -url tcp:127.0.0.1:3121
source O:/ENGS_128/lab6/lab6.sdk/lab2_wrapper_hw_platform_0/ps7_init.tcl
targets -set -filter {name =~"APU" && jtag_cable_name =~ "Digilent Zybo 210279A42984A"} -index 0
loadhw O:/ENGS_128/lab6/lab6.sdk/lab2_wrapper_hw_platform_0/system.hdf
targets -set -filter {name =~"APU" && jtag_cable_name =~ "Digilent Zybo 210279A42984A"} -index 0
stop
ps7_init
ps7_post_config
targets -set -nocase -filter {name =~ "ARM*#0" && jtag_cable_name =~ "Digilent Zybo 210279A42984A"} -index 0
rst -processor
targets -set -nocase -filter {name =~ "ARM*#0" && jtag_cable_name =~ "Digilent Zybo 210279A42984A"} -index 0
dow O:/ENGS_128/lab6/lab6.sdk/lab6/Debug/lab6.elf
----------------End of Script----------------

15:51:49 INFO  : Memory regions updated for context APU
15:51:49 INFO  : Context for processor 'ps7_cortexa9_0' is selected.
15:51:49 INFO  : 'con' command is executed.
15:51:49 INFO  : ----------------XSDB Script (After Launch)----------------
targets -set -nocase -filter {name =~ "ARM*#0" && jtag_cable_name =~ "Digilent Zybo 210279A42984A"} -index 0
con
----------------End of Script----------------

15:59:21 INFO  : SDK has detected change in the last modified timestamps for source hardware specification file Source:1496087947276,  Project:1496087114164
15:59:21 INFO  : Project lab2_wrapper_hw_platform_0's source hardware specification located at O:/ENGS_128/lab6/lab6.sdk/lab2_wrapper.hdf is now different from the local copy.
		 The local copy will be replaced with the source specification and your workspace will be updated.
15:59:21 INFO  : Copied contents of O:/ENGS_128/lab6/lab6.sdk/lab2_wrapper.hdf into \lab2_wrapper_hw_platform_0\system.hdf.
15:59:27 INFO  : Synchronizing projects in the workspace with the hardware platform specification changes.
15:59:44 INFO  : 
15:59:45 INFO  : Updating hardware inferred compiler options for lab6.
15:59:45 INFO  : Clearing existing target manager status.
16:00:22 INFO  : Connected to target on host '127.0.0.1' and port '3121'.
16:00:22 INFO  : 'targets -set -filter {jtag_cable_name =~ "Digilent Zybo 210279A42984A" && level==0} -index 1' command is executed.
16:00:24 INFO  : FPGA configured successfully with bitstream "O:/ENGS_128/lab6/lab6.sdk/lab2_wrapper_hw_platform_0/lab2_wrapper.bit"
16:00:39 INFO  : Disconnected from the channel tcfchan#1.
16:00:52 INFO  : Connected to target on host '127.0.0.1' and port '3121'.
16:00:52 INFO  : 'targets -set -filter {jtag_cable_name =~ "Digilent Zybo 210279A42984A" && level==0} -index 1' command is executed.
16:00:53 INFO  : FPGA configured successfully with bitstream "O:/ENGS_128/lab6/lab6.sdk/lab2_wrapper_hw_platform_0/lab2_wrapper.bit"
16:01:15 INFO  : 'targets -set -filter {jtag_cable_name =~ "Digilent Zybo 210279A42984A" && level==0} -index 1' command is executed.
16:01:15 INFO  : 'fpga -state' command is executed.
16:01:15 INFO  : Connected to target on host '127.0.0.1' and port '3121'.
16:01:15 INFO  : Sourcing of 'O:/ENGS_128/lab6/lab6.sdk/lab2_wrapper_hw_platform_0/ps7_init.tcl' is done.
16:01:15 INFO  : 'targets -set -filter {name =~"APU" && jtag_cable_name =~ "Digilent Zybo 210279A42984A"} -index 0' command is executed.
16:01:16 INFO  : Hardware design information is loaded from 'O:/ENGS_128/lab6/lab6.sdk/lab2_wrapper_hw_platform_0/system.hdf'.
16:01:16 INFO  : 'targets -set -filter {name =~"APU" && jtag_cable_name =~ "Digilent Zybo 210279A42984A"} -index 0' command is executed.
16:01:16 INFO  : 'stop' command is executed.
16:01:16 INFO  : 'ps7_init' command is executed.
16:01:17 INFO  : 'ps7_post_config' command is executed.
16:01:17 INFO  : Context for processor 'ps7_cortexa9_0' is selected.
16:01:17 INFO  : Processor reset is completed for 'ps7_cortexa9_0'.
16:01:17 INFO  : Context for processor 'ps7_cortexa9_0' is selected.
16:01:18 INFO  : The application 'O:/ENGS_128/lab6/lab6.sdk/lab6/Debug/lab6.elf' is downloaded to processor 'ps7_cortexa9_0'.
16:01:18 INFO  : ----------------XSDB Script----------------
connect -url tcp:127.0.0.1:3121
source O:/ENGS_128/lab6/lab6.sdk/lab2_wrapper_hw_platform_0/ps7_init.tcl
targets -set -filter {name =~"APU" && jtag_cable_name =~ "Digilent Zybo 210279A42984A"} -index 0
loadhw O:/ENGS_128/lab6/lab6.sdk/lab2_wrapper_hw_platform_0/system.hdf
targets -set -filter {name =~"APU" && jtag_cable_name =~ "Digilent Zybo 210279A42984A"} -index 0
stop
ps7_init
ps7_post_config
targets -set -nocase -filter {name =~ "ARM*#0" && jtag_cable_name =~ "Digilent Zybo 210279A42984A"} -index 0
rst -processor
targets -set -nocase -filter {name =~ "ARM*#0" && jtag_cable_name =~ "Digilent Zybo 210279A42984A"} -index 0
dow O:/ENGS_128/lab6/lab6.sdk/lab6/Debug/lab6.elf
----------------End of Script----------------

16:01:18 INFO  : Memory regions updated for context APU
16:01:18 INFO  : Context for processor 'ps7_cortexa9_0' is selected.
16:01:18 INFO  : 'con' command is executed.
16:01:18 INFO  : ----------------XSDB Script (After Launch)----------------
targets -set -nocase -filter {name =~ "ARM*#0" && jtag_cable_name =~ "Digilent Zybo 210279A42984A"} -index 0
con
----------------End of Script----------------

16:02:14 WARN  : Unexpected exception occurred.
java.io.IOException: Command [C 202 xsdb eval "disconnect tcfchan#2"] aborted
	at org.eclipse.tcf.core.AbstractChannel$9.run(AbstractChannel.java:753)
	at org.eclipse.tcf.EventQueue.run(EventQueue.java:95)
	at java.lang.Thread.run(Thread.java:745)
Caused by: java.net.SocketException: Connection reset
	at java.net.SocketInputStream.read(SocketInputStream.java:209)
	at java.net.SocketInputStream.read(SocketInputStream.java:141)
	at java.io.BufferedInputStream.read1(BufferedInputStream.java:284)
	at java.io.BufferedInputStream.read(BufferedInputStream.java:345)
	at java.io.FilterInputStream.read(FilterInputStream.java:107)
	at org.eclipse.tcf.core.ChannelTCP.get(ChannelTCP.java:162)
	at org.eclipse.tcf.core.StreamChannel.read(StreamChannel.java:84)
	at org.eclipse.tcf.core.AbstractChannel$1.run(AbstractChannel.java:254)
16:02:15 ERROR : Unexpected error while parsing XMD response ?: com.google.gson.JsonSyntaxException: com.google.gson.stream.MalformedJsonException: invalid number or unquoted string near 
16:19:21 INFO  : Launching XSDB server: xsdb.bat -interactive O:\ENGS_128\lab6\lab6.sdk\temp_xsdb_launch_script.tcl
16:19:22 INFO  : XSDB server has started successfully.
16:19:22 INFO  : Processing command line option -hwspec O:/ENGS_128/lab6/lab6.sdk/lab2_wrapper.hdf.
16:19:22 INFO  : Checking for hwspec changes in the project lab2_wrapper_hw_platform_0.
16:19:26 INFO  : SDK has detected change in the last modified timestamps for source hardware specification file Source:1496089116236,  Project:1496087947276
16:19:26 INFO  : The hardware specification for project 'lab2_wrapper_hw_platform_0' is different from O:/ENGS_128/lab6/lab6.sdk/lab2_wrapper.hdf.
16:19:27 INFO  : Copied contents of O:/ENGS_128/lab6/lab6.sdk/lab2_wrapper.hdf into \lab2_wrapper_hw_platform_0\system.hdf.
16:21:50 INFO  : Synchronizing projects in the workspace with the hardware platform specification changes.
16:22:18 INFO  : 
16:22:19 INFO  : Updating hardware inferred compiler options for lab6.
16:22:19 INFO  : Clearing existing target manager status.
16:22:58 INFO  : Connected to target on host '127.0.0.1' and port '3121'.
16:22:59 INFO  : 'targets -set -filter {jtag_cable_name =~ "Digilent Zybo 210279A42984A" && level==0} -index 1' command is executed.
16:23:01 INFO  : FPGA configured successfully with bitstream "O:/ENGS_128/lab6/lab6.sdk/lab2_wrapper_hw_platform_0/lab2_wrapper.bit"
16:23:24 INFO  : 'targets -set -filter {jtag_cable_name =~ "Digilent Zybo 210279A42984A" && level==0} -index 1' command is executed.
16:23:24 INFO  : 'fpga -state' command is executed.
16:23:24 INFO  : Connected to target on host '127.0.0.1' and port '3121'.
16:23:24 INFO  : Sourcing of 'O:/ENGS_128/lab6/lab6.sdk/lab2_wrapper_hw_platform_0/ps7_init.tcl' is done.
16:23:25 INFO  : 'targets -set -filter {name =~"APU" && jtag_cable_name =~ "Digilent Zybo 210279A42984A"} -index 0' command is executed.
16:23:25 INFO  : Hardware design information is loaded from 'O:/ENGS_128/lab6/lab6.sdk/lab2_wrapper_hw_platform_0/system.hdf'.
16:23:25 INFO  : 'targets -set -filter {name =~"APU" && jtag_cable_name =~ "Digilent Zybo 210279A42984A"} -index 0' command is executed.
16:23:25 INFO  : 'stop' command is executed.
16:23:26 INFO  : 'ps7_init' command is executed.
16:23:26 INFO  : 'ps7_post_config' command is executed.
16:23:27 INFO  : Context for processor 'ps7_cortexa9_0' is selected.
16:23:27 INFO  : Processor reset is completed for 'ps7_cortexa9_0'.
16:23:27 INFO  : Context for processor 'ps7_cortexa9_0' is selected.
16:23:28 INFO  : The application 'O:/ENGS_128/lab6/lab6.sdk/lab6/Debug/lab6.elf' is downloaded to processor 'ps7_cortexa9_0'.
16:23:28 INFO  : ----------------XSDB Script----------------
connect -url tcp:127.0.0.1:3121
source O:/ENGS_128/lab6/lab6.sdk/lab2_wrapper_hw_platform_0/ps7_init.tcl
targets -set -filter {name =~"APU" && jtag_cable_name =~ "Digilent Zybo 210279A42984A"} -index 0
loadhw O:/ENGS_128/lab6/lab6.sdk/lab2_wrapper_hw_platform_0/system.hdf
targets -set -filter {name =~"APU" && jtag_cable_name =~ "Digilent Zybo 210279A42984A"} -index 0
stop
ps7_init
ps7_post_config
targets -set -nocase -filter {name =~ "ARM*#0" && jtag_cable_name =~ "Digilent Zybo 210279A42984A"} -index 0
rst -processor
targets -set -nocase -filter {name =~ "ARM*#0" && jtag_cable_name =~ "Digilent Zybo 210279A42984A"} -index 0
dow O:/ENGS_128/lab6/lab6.sdk/lab6/Debug/lab6.elf
----------------End of Script----------------

16:23:28 INFO  : Memory regions updated for context APU
16:23:28 INFO  : Context for processor 'ps7_cortexa9_0' is selected.
16:23:28 INFO  : 'con' command is executed.
16:23:28 INFO  : ----------------XSDB Script (After Launch)----------------
targets -set -nocase -filter {name =~ "ARM*#0" && jtag_cable_name =~ "Digilent Zybo 210279A42984A"} -index 0
con
----------------End of Script----------------

17:02:10 INFO  : SDK has detected change in the last modified timestamps for source hardware specification file Source:1496091710385,  Project:1496089116236
17:02:10 INFO  : Project lab2_wrapper_hw_platform_0's source hardware specification located at O:/ENGS_128/lab6/lab6.sdk/lab2_wrapper.hdf is now different from the local copy.
		 The local copy will be replaced with the source specification and your workspace will be updated.
17:02:11 INFO  : Copied contents of O:/ENGS_128/lab6/lab6.sdk/lab2_wrapper.hdf into \lab2_wrapper_hw_platform_0\system.hdf.
17:02:18 INFO  : Synchronizing projects in the workspace with the hardware platform specification changes.
17:02:34 INFO  : 
17:02:34 INFO  : Updating hardware inferred compiler options for lab6.
17:02:34 INFO  : Clearing existing target manager status.
17:03:38 INFO  : Connected to target on host '127.0.0.1' and port '3121'.
17:03:39 INFO  : 'targets -set -filter {jtag_cable_name =~ "Digilent Zybo 210279A42984A" && level==0} -index 1' command is executed.
17:03:40 INFO  : FPGA configured successfully with bitstream "O:/ENGS_128/lab6/lab6.sdk/lab2_wrapper_hw_platform_0/lab2_wrapper.bit"
17:03:53 INFO  : Disconnected from the channel tcfchan#1.
17:04:06 INFO  : Connected to target on host '127.0.0.1' and port '3121'.
17:04:07 INFO  : 'targets -set -filter {jtag_cable_name =~ "Digilent Zybo 210279A42984A" && level==0} -index 1' command is executed.
17:04:08 INFO  : FPGA configured successfully with bitstream "O:/ENGS_128/lab6/lab6.sdk/lab2_wrapper_hw_platform_0/lab2_wrapper.bit"
17:04:21 INFO  : 'targets -set -filter {jtag_cable_name =~ "Digilent Zybo 210279A42984A" && level==0} -index 1' command is executed.
17:04:21 INFO  : 'fpga -state' command is executed.
17:04:21 INFO  : Connected to target on host '127.0.0.1' and port '3121'.
17:04:21 INFO  : Sourcing of 'O:/ENGS_128/lab6/lab6.sdk/lab2_wrapper_hw_platform_0/ps7_init.tcl' is done.
17:04:22 INFO  : 'targets -set -filter {name =~"APU" && jtag_cable_name =~ "Digilent Zybo 210279A42984A"} -index 0' command is executed.
17:04:22 INFO  : Hardware design information is loaded from 'O:/ENGS_128/lab6/lab6.sdk/lab2_wrapper_hw_platform_0/system.hdf'.
17:04:22 INFO  : 'targets -set -filter {name =~"APU" && jtag_cable_name =~ "Digilent Zybo 210279A42984A"} -index 0' command is executed.
17:04:22 INFO  : 'stop' command is executed.
17:04:22 INFO  : 'ps7_init' command is executed.
17:04:23 INFO  : 'ps7_post_config' command is executed.
17:04:23 INFO  : Context for processor 'ps7_cortexa9_0' is selected.
17:04:23 INFO  : Processor reset is completed for 'ps7_cortexa9_0'.
17:04:23 INFO  : Context for processor 'ps7_cortexa9_0' is selected.
17:04:24 INFO  : The application 'O:/ENGS_128/lab6/lab6.sdk/lab6/Debug/lab6.elf' is downloaded to processor 'ps7_cortexa9_0'.
17:04:24 INFO  : ----------------XSDB Script----------------
connect -url tcp:127.0.0.1:3121
source O:/ENGS_128/lab6/lab6.sdk/lab2_wrapper_hw_platform_0/ps7_init.tcl
targets -set -filter {name =~"APU" && jtag_cable_name =~ "Digilent Zybo 210279A42984A"} -index 0
loadhw O:/ENGS_128/lab6/lab6.sdk/lab2_wrapper_hw_platform_0/system.hdf
targets -set -filter {name =~"APU" && jtag_cable_name =~ "Digilent Zybo 210279A42984A"} -index 0
stop
ps7_init
ps7_post_config
targets -set -nocase -filter {name =~ "ARM*#0" && jtag_cable_name =~ "Digilent Zybo 210279A42984A"} -index 0
rst -processor
targets -set -nocase -filter {name =~ "ARM*#0" && jtag_cable_name =~ "Digilent Zybo 210279A42984A"} -index 0
dow O:/ENGS_128/lab6/lab6.sdk/lab6/Debug/lab6.elf
----------------End of Script----------------

17:04:24 INFO  : Memory regions updated for context APU
17:04:24 INFO  : Context for processor 'ps7_cortexa9_0' is selected.
17:04:24 INFO  : 'con' command is executed.
17:04:24 INFO  : ----------------XSDB Script (After Launch)----------------
targets -set -nocase -filter {name =~ "ARM*#0" && jtag_cable_name =~ "Digilent Zybo 210279A42984A"} -index 0
con
----------------End of Script----------------

17:12:52 INFO  : SDK has detected change in the last modified timestamps for source hardware specification file Source:1496092350564,  Project:1496091710385
17:12:52 INFO  : Project lab2_wrapper_hw_platform_0's source hardware specification located at O:/ENGS_128/lab6/lab6.sdk/lab2_wrapper.hdf is now different from the local copy.
		 The local copy will be replaced with the source specification and your workspace will be updated.
17:12:52 INFO  : Copied contents of O:/ENGS_128/lab6/lab6.sdk/lab2_wrapper.hdf into \lab2_wrapper_hw_platform_0\system.hdf.
17:12:59 INFO  : Synchronizing projects in the workspace with the hardware platform specification changes.
17:13:18 INFO  : 
17:13:19 INFO  : Updating hardware inferred compiler options for lab6.
17:13:19 INFO  : Clearing existing target manager status.
17:13:31 INFO  : Connected to target on host '127.0.0.1' and port '3121'.
17:13:48 INFO  : Connected to target on host '127.0.0.1' and port '3121'.
17:13:48 INFO  : 'targets -set -filter {jtag_cable_name =~ "Digilent Zybo 210279A42984A" && level==0} -index 1' command is executed.
17:13:50 INFO  : FPGA configured successfully with bitstream "O:/ENGS_128/lab6/lab6.sdk/lab2_wrapper_hw_platform_0/lab2_wrapper.bit"
17:14:08 INFO  : Disconnected from the channel tcfchan#2.
17:14:24 INFO  : Connected to target on host '127.0.0.1' and port '3121'.
17:14:25 INFO  : 'targets -set -filter {jtag_cable_name =~ "Digilent Zybo 210279A42984A" && level==0} -index 1' command is executed.
17:14:26 INFO  : FPGA configured successfully with bitstream "O:/ENGS_128/lab6/lab6.sdk/lab2_wrapper_hw_platform_0/lab2_wrapper.bit"
17:14:41 INFO  : 'targets -set -filter {jtag_cable_name =~ "Digilent Zybo 210279A42984A" && level==0} -index 1' command is executed.
17:14:41 INFO  : 'fpga -state' command is executed.
17:14:41 INFO  : Connected to target on host '127.0.0.1' and port '3121'.
17:14:41 INFO  : Sourcing of 'O:/ENGS_128/lab6/lab6.sdk/lab2_wrapper_hw_platform_0/ps7_init.tcl' is done.
17:14:42 INFO  : 'targets -set -filter {name =~"APU" && jtag_cable_name =~ "Digilent Zybo 210279A42984A"} -index 0' command is executed.
17:14:42 INFO  : Hardware design information is loaded from 'O:/ENGS_128/lab6/lab6.sdk/lab2_wrapper_hw_platform_0/system.hdf'.
17:14:42 INFO  : 'targets -set -filter {name =~"APU" && jtag_cable_name =~ "Digilent Zybo 210279A42984A"} -index 0' command is executed.
17:14:42 INFO  : 'stop' command is executed.
17:14:43 INFO  : 'ps7_init' command is executed.
17:14:43 INFO  : 'ps7_post_config' command is executed.
17:14:43 INFO  : Context for processor 'ps7_cortexa9_0' is selected.
17:14:44 INFO  : Processor reset is completed for 'ps7_cortexa9_0'.
17:14:44 INFO  : Context for processor 'ps7_cortexa9_0' is selected.
17:14:44 INFO  : The application 'O:/ENGS_128/lab6/lab6.sdk/lab6/Debug/lab6.elf' is downloaded to processor 'ps7_cortexa9_0'.
17:14:44 INFO  : ----------------XSDB Script----------------
connect -url tcp:127.0.0.1:3121
source O:/ENGS_128/lab6/lab6.sdk/lab2_wrapper_hw_platform_0/ps7_init.tcl
targets -set -filter {name =~"APU" && jtag_cable_name =~ "Digilent Zybo 210279A42984A"} -index 0
loadhw O:/ENGS_128/lab6/lab6.sdk/lab2_wrapper_hw_platform_0/system.hdf
targets -set -filter {name =~"APU" && jtag_cable_name =~ "Digilent Zybo 210279A42984A"} -index 0
stop
ps7_init
ps7_post_config
targets -set -nocase -filter {name =~ "ARM*#0" && jtag_cable_name =~ "Digilent Zybo 210279A42984A"} -index 0
rst -processor
targets -set -nocase -filter {name =~ "ARM*#0" && jtag_cable_name =~ "Digilent Zybo 210279A42984A"} -index 0
dow O:/ENGS_128/lab6/lab6.sdk/lab6/Debug/lab6.elf
----------------End of Script----------------

17:14:44 INFO  : Memory regions updated for context APU
17:14:45 INFO  : Context for processor 'ps7_cortexa9_0' is selected.
17:14:45 INFO  : 'con' command is executed.
17:14:45 INFO  : ----------------XSDB Script (After Launch)----------------
targets -set -nocase -filter {name =~ "ARM*#0" && jtag_cable_name =~ "Digilent Zybo 210279A42984A"} -index 0
con
----------------End of Script----------------

17:15:32 WARN  : Unexpected exception occurred.
java.io.IOException: Command [C 356 xsdb eval "disconnect tcfchan#3"] aborted
	at org.eclipse.tcf.core.AbstractChannel$9.run(AbstractChannel.java:753)
	at org.eclipse.tcf.EventQueue.run(EventQueue.java:95)
	at java.lang.Thread.run(Thread.java:745)
Caused by: java.net.SocketException: Connection reset
	at java.net.SocketInputStream.read(SocketInputStream.java:209)
	at java.net.SocketInputStream.read(SocketInputStream.java:141)
	at java.io.BufferedInputStream.read1(BufferedInputStream.java:284)
	at java.io.BufferedInputStream.read(BufferedInputStream.java:345)
	at java.io.FilterInputStream.read(FilterInputStream.java:107)
	at org.eclipse.tcf.core.ChannelTCP.get(ChannelTCP.java:162)
	at org.eclipse.tcf.core.StreamChannel.read(StreamChannel.java:84)
	at org.eclipse.tcf.core.AbstractChannel$1.run(AbstractChannel.java:254)
17:15:33 ERROR : Unexpected error while parsing XMD response ?: com.google.gson.JsonSyntaxException: com.google.gson.stream.MalformedJsonException: invalid number or unquoted string near 
17:21:06 INFO  : Launching XSDB server: xsdb.bat -interactive O:\ENGS_128\lab6\lab6.sdk\temp_xsdb_launch_script.tcl
17:21:07 INFO  : XSDB server has started successfully.
17:21:08 INFO  : Processing command line option -hwspec O:/ENGS_128/lab6/lab6.sdk/lab2_wrapper.hdf.
17:21:08 INFO  : Checking for hwspec changes in the project lab2_wrapper_hw_platform_0.
17:21:12 INFO  : SDK has detected change in the last modified timestamps for source hardware specification file Source:1496092834687,  Project:1496092350564
17:21:12 INFO  : The hardware specification for project 'lab2_wrapper_hw_platform_0' is different from O:/ENGS_128/lab6/lab6.sdk/lab2_wrapper.hdf.
17:21:13 INFO  : Copied contents of O:/ENGS_128/lab6/lab6.sdk/lab2_wrapper.hdf into \lab2_wrapper_hw_platform_0\system.hdf.
17:23:45 INFO  : Synchronizing projects in the workspace with the hardware platform specification changes.
17:24:17 INFO  : 
17:24:17 INFO  : Updating hardware inferred compiler options for lab6.
17:24:17 INFO  : Clearing existing target manager status.
17:24:25 INFO  : Connected to target on host '127.0.0.1' and port '3121'.
17:24:31 INFO  : 'targets -set -filter {jtag_cable_name =~ "Digilent Zybo 210279A42984A" && level==0} -index 1' command is executed.
17:24:32 INFO  : FPGA configured successfully with bitstream "O:/ENGS_128/lab6/lab6.sdk/lab2_wrapper_hw_platform_0/lab2_wrapper.bit"
17:24:50 INFO  : 'targets -set -filter {jtag_cable_name =~ "Digilent Zybo 210279A42984A" && level==0} -index 1' command is executed.
17:24:50 INFO  : 'fpga -state' command is executed.
17:24:50 INFO  : Connected to target on host '127.0.0.1' and port '3121'.
17:24:50 INFO  : Sourcing of 'O:/ENGS_128/lab6/lab6.sdk/lab2_wrapper_hw_platform_0/ps7_init.tcl' is done.
17:24:50 INFO  : 'targets -set -filter {name =~"APU" && jtag_cable_name =~ "Digilent Zybo 210279A42984A"} -index 0' command is executed.
17:24:51 INFO  : Hardware design information is loaded from 'O:/ENGS_128/lab6/lab6.sdk/lab2_wrapper_hw_platform_0/system.hdf'.
17:24:51 INFO  : 'targets -set -filter {name =~"APU" && jtag_cable_name =~ "Digilent Zybo 210279A42984A"} -index 0' command is executed.
17:24:52 INFO  : 'stop' command is executed.
17:24:58 INFO  : 'ps7_init' command is executed.
17:24:58 INFO  : 'ps7_post_config' command is executed.
17:24:59 INFO  : Context for processor 'ps7_cortexa9_0' is selected.
17:24:59 INFO  : Processor reset is completed for 'ps7_cortexa9_0'.
17:24:59 INFO  : Context for processor 'ps7_cortexa9_0' is selected.
17:25:02 ERROR : DEVICEEN is 0
17:25:02 INFO  : ----------------XSDB Script----------------
connect -url tcp:127.0.0.1:3121
source O:/ENGS_128/lab6/lab6.sdk/lab2_wrapper_hw_platform_0/ps7_init.tcl
targets -set -filter {name =~"APU" && jtag_cable_name =~ "Digilent Zybo 210279A42984A"} -index 0
loadhw O:/ENGS_128/lab6/lab6.sdk/lab2_wrapper_hw_platform_0/system.hdf
targets -set -filter {name =~"APU" && jtag_cable_name =~ "Digilent Zybo 210279A42984A"} -index 0
stop
ps7_init
ps7_post_config
targets -set -nocase -filter {name =~ "ARM*#0" && jtag_cable_name =~ "Digilent Zybo 210279A42984A"} -index 0
rst -processor
targets -set -nocase -filter {name =~ "ARM*#0" && jtag_cable_name =~ "Digilent Zybo 210279A42984A"} -index 0
dow O:/ENGS_128/lab6/lab6.sdk/lab6/Debug/lab6.elf
----------------End of Script----------------

17:25:09 INFO  : Connected to target on host '127.0.0.1' and port '3121'.
17:25:10 INFO  : 'targets -set -filter {jtag_cable_name =~ "Digilent Zybo 210279A42984A" && level==0} -index 1' command is executed.
17:25:11 INFO  : FPGA configured successfully with bitstream "O:/ENGS_128/lab6/lab6.sdk/lab2_wrapper_hw_platform_0/lab2_wrapper.bit"
17:25:24 INFO  : 'targets -set -filter {jtag_cable_name =~ "Digilent Zybo 210279A42984A" && level==0} -index 1' command is executed.
17:25:24 INFO  : 'fpga -state' command is executed.
17:25:24 INFO  : Connected to target on host '127.0.0.1' and port '3121'.
17:25:24 INFO  : Sourcing of 'O:/ENGS_128/lab6/lab6.sdk/lab2_wrapper_hw_platform_0/ps7_init.tcl' is done.
17:25:24 INFO  : 'targets -set -filter {name =~"APU" && jtag_cable_name =~ "Digilent Zybo 210279A42984A"} -index 0' command is executed.
17:25:25 INFO  : Hardware design information is loaded from 'O:/ENGS_128/lab6/lab6.sdk/lab2_wrapper_hw_platform_0/system.hdf'.
17:25:25 INFO  : 'targets -set -filter {name =~"APU" && jtag_cable_name =~ "Digilent Zybo 210279A42984A"} -index 0' command is executed.
17:25:25 INFO  : 'stop' command is executed.
17:25:26 INFO  : 'ps7_init' command is executed.
17:25:26 INFO  : 'ps7_post_config' command is executed.
17:25:26 INFO  : Context for processor 'ps7_cortexa9_0' is selected.
17:25:27 INFO  : Processor reset is completed for 'ps7_cortexa9_0'.
17:25:27 INFO  : Context for processor 'ps7_cortexa9_0' is selected.
17:25:27 INFO  : The application 'O:/ENGS_128/lab6/lab6.sdk/lab6/Debug/lab6.elf' is downloaded to processor 'ps7_cortexa9_0'.
17:25:27 INFO  : ----------------XSDB Script----------------
connect -url tcp:127.0.0.1:3121
source O:/ENGS_128/lab6/lab6.sdk/lab2_wrapper_hw_platform_0/ps7_init.tcl
targets -set -filter {name =~"APU" && jtag_cable_name =~ "Digilent Zybo 210279A42984A"} -index 0
loadhw O:/ENGS_128/lab6/lab6.sdk/lab2_wrapper_hw_platform_0/system.hdf
targets -set -filter {name =~"APU" && jtag_cable_name =~ "Digilent Zybo 210279A42984A"} -index 0
stop
ps7_init
ps7_post_config
targets -set -nocase -filter {name =~ "ARM*#0" && jtag_cable_name =~ "Digilent Zybo 210279A42984A"} -index 0
rst -processor
targets -set -nocase -filter {name =~ "ARM*#0" && jtag_cable_name =~ "Digilent Zybo 210279A42984A"} -index 0
dow O:/ENGS_128/lab6/lab6.sdk/lab6/Debug/lab6.elf
----------------End of Script----------------

17:25:27 INFO  : Memory regions updated for context APU
17:25:27 INFO  : Context for processor 'ps7_cortexa9_0' is selected.
17:25:27 INFO  : 'con' command is executed.
17:25:27 INFO  : ----------------XSDB Script (After Launch)----------------
targets -set -nocase -filter {name =~ "ARM*#0" && jtag_cable_name =~ "Digilent Zybo 210279A42984A"} -index 0
con
----------------End of Script----------------

17:25:49 INFO  : Disconnected from the channel tcfchan#1.
17:25:49 INFO  : 'targets -set -filter {jtag_cable_name =~ "Digilent Zybo 210279A42984A" && level==0} -index 1' command is executed.
17:25:50 INFO  : 'fpga -state' command is executed.
17:25:50 INFO  : Connected to target on host '127.0.0.1' and port '3121'.
17:25:50 INFO  : Sourcing of 'O:/ENGS_128/lab6/lab6.sdk/lab2_wrapper_hw_platform_0/ps7_init.tcl' is done.
17:25:50 INFO  : 'targets -set -filter {name =~"APU" && jtag_cable_name =~ "Digilent Zybo 210279A42984A"} -index 0' command is executed.
17:25:55 INFO  : Hardware design information is loaded from 'O:/ENGS_128/lab6/lab6.sdk/lab2_wrapper_hw_platform_0/system.hdf'.
17:25:56 INFO  : 'targets -set -filter {name =~"APU" && jtag_cable_name =~ "Digilent Zybo 210279A42984A"} -index 0' command is executed.
17:25:56 INFO  : 'stop' command is executed.
17:25:56 INFO  : 'ps7_init' command is executed.
17:25:57 INFO  : 'ps7_post_config' command is executed.
17:25:57 INFO  : Context for processor 'ps7_cortexa9_0' is selected.
17:25:57 INFO  : Processor reset is completed for 'ps7_cortexa9_0'.
17:25:57 INFO  : Context for processor 'ps7_cortexa9_0' is selected.
17:25:58 INFO  : The application 'O:/ENGS_128/lab6/lab6.sdk/lab6/Debug/lab6.elf' is downloaded to processor 'ps7_cortexa9_0'.
17:25:58 INFO  : ----------------XSDB Script----------------
connect -url tcp:127.0.0.1:3121
source O:/ENGS_128/lab6/lab6.sdk/lab2_wrapper_hw_platform_0/ps7_init.tcl
targets -set -filter {name =~"APU" && jtag_cable_name =~ "Digilent Zybo 210279A42984A"} -index 0
loadhw O:/ENGS_128/lab6/lab6.sdk/lab2_wrapper_hw_platform_0/system.hdf
targets -set -filter {name =~"APU" && jtag_cable_name =~ "Digilent Zybo 210279A42984A"} -index 0
stop
ps7_init
ps7_post_config
targets -set -nocase -filter {name =~ "ARM*#0" && jtag_cable_name =~ "Digilent Zybo 210279A42984A"} -index 0
rst -processor
targets -set -nocase -filter {name =~ "ARM*#0" && jtag_cable_name =~ "Digilent Zybo 210279A42984A"} -index 0
dow O:/ENGS_128/lab6/lab6.sdk/lab6/Debug/lab6.elf
----------------End of Script----------------

17:25:58 INFO  : Memory regions updated for context APU
17:25:58 INFO  : Context for processor 'ps7_cortexa9_0' is selected.
17:25:58 INFO  : 'con' command is executed.
17:25:58 INFO  : ----------------XSDB Script (After Launch)----------------
targets -set -nocase -filter {name =~ "ARM*#0" && jtag_cable_name =~ "Digilent Zybo 210279A42984A"} -index 0
con
----------------End of Script----------------

19:41:42 INFO  : Connected to target on host '127.0.0.1' and port '3121'.
19:41:43 INFO  : 'targets -set -filter {jtag_cable_name =~ "Digilent Zybo 210279A42984A" && level==0} -index 1' command is executed.
19:41:44 INFO  : FPGA configured successfully with bitstream "O:/ENGS_128/lab6/lab6.sdk/lab2_wrapper_hw_platform_0/lab2_wrapper.bit"
19:42:12 INFO  : Disconnected from the channel tcfchan#2.
19:42:13 INFO  : 'targets -set -filter {jtag_cable_name =~ "Digilent Zybo 210279A42984A" && level==0} -index 1' command is executed.
19:42:13 INFO  : 'fpga -state' command is executed.
19:42:13 INFO  : Connected to target on host '127.0.0.1' and port '3121'.
19:42:13 INFO  : Sourcing of 'O:/ENGS_128/lab6/lab6.sdk/lab2_wrapper_hw_platform_0/ps7_init.tcl' is done.
19:42:14 INFO  : 'targets -set -filter {name =~"APU" && jtag_cable_name =~ "Digilent Zybo 210279A42984A"} -index 0' command is executed.
19:42:14 INFO  : Hardware design information is loaded from 'O:/ENGS_128/lab6/lab6.sdk/lab2_wrapper_hw_platform_0/system.hdf'.
19:42:14 INFO  : 'targets -set -filter {name =~"APU" && jtag_cable_name =~ "Digilent Zybo 210279A42984A"} -index 0' command is executed.
19:42:14 INFO  : 'stop' command is executed.
19:42:15 INFO  : 'ps7_init' command is executed.
19:42:15 INFO  : 'ps7_post_config' command is executed.
19:42:15 INFO  : Context for processor 'ps7_cortexa9_0' is selected.
19:42:15 INFO  : Processor reset is completed for 'ps7_cortexa9_0'.
19:42:15 INFO  : Context for processor 'ps7_cortexa9_0' is selected.
19:42:16 INFO  : The application 'O:/ENGS_128/lab6/lab6.sdk/lab6/Debug/lab6.elf' is downloaded to processor 'ps7_cortexa9_0'.
19:42:16 INFO  : ----------------XSDB Script----------------
connect -url tcp:127.0.0.1:3121
source O:/ENGS_128/lab6/lab6.sdk/lab2_wrapper_hw_platform_0/ps7_init.tcl
targets -set -filter {name =~"APU" && jtag_cable_name =~ "Digilent Zybo 210279A42984A"} -index 0
loadhw O:/ENGS_128/lab6/lab6.sdk/lab2_wrapper_hw_platform_0/system.hdf
targets -set -filter {name =~"APU" && jtag_cable_name =~ "Digilent Zybo 210279A42984A"} -index 0
stop
ps7_init
ps7_post_config
targets -set -nocase -filter {name =~ "ARM*#0" && jtag_cable_name =~ "Digilent Zybo 210279A42984A"} -index 0
rst -processor
targets -set -nocase -filter {name =~ "ARM*#0" && jtag_cable_name =~ "Digilent Zybo 210279A42984A"} -index 0
dow O:/ENGS_128/lab6/lab6.sdk/lab6/Debug/lab6.elf
----------------End of Script----------------

19:42:16 INFO  : Memory regions updated for context APU
19:42:16 INFO  : Context for processor 'ps7_cortexa9_0' is selected.
19:42:16 INFO  : 'con' command is executed.
19:42:16 INFO  : ----------------XSDB Script (After Launch)----------------
targets -set -nocase -filter {name =~ "ARM*#0" && jtag_cable_name =~ "Digilent Zybo 210279A42984A"} -index 0
con
----------------End of Script----------------

20:41:14 WARN  : Unexpected exception occurred.
java.io.IOException: Command [C 268 xsdb eval "disconnect tcfchan#3"] aborted
	at org.eclipse.tcf.core.AbstractChannel$9.run(AbstractChannel.java:753)
	at org.eclipse.tcf.EventQueue.run(EventQueue.java:95)
	at java.lang.Thread.run(Thread.java:745)
Caused by: java.net.SocketException: Connection reset
	at java.net.SocketInputStream.read(SocketInputStream.java:209)
	at java.net.SocketInputStream.read(SocketInputStream.java:141)
	at java.io.BufferedInputStream.read1(BufferedInputStream.java:284)
	at java.io.BufferedInputStream.read(BufferedInputStream.java:345)
	at java.io.FilterInputStream.read(FilterInputStream.java:107)
	at org.eclipse.tcf.core.ChannelTCP.get(ChannelTCP.java:162)
	at org.eclipse.tcf.core.StreamChannel.read(StreamChannel.java:84)
	at org.eclipse.tcf.core.AbstractChannel$1.run(AbstractChannel.java:254)
20:41:15 ERROR : Unexpected error while parsing XMD response ?: com.google.gson.JsonSyntaxException: com.google.gson.stream.MalformedJsonException: invalid number or unquoted string near 
